<?xml version="1.0" encoding="utf-8"?><testsuites name="pytest tests"><testsuite name="pytest" errors="0" failures="0" skipped="0" tests="2190" time="88.642" timestamp="2026-09-08T00:53:37.697116-07:00" hostname="orangepi5-max"><properties>
[...]
</properties><testcase classname="tests.test_adult_library_root" name="test_adult_url_routes_to_separate_root" time="0.009" /><testcase classname="tests.test_adult_library_root" name="test_non_adult_url_falls_through" time="0.003" /><testcase classname="tests.test_adult_library_root" name="test_no_adult_path_falls_through" time="0.002" /><testcase classname="tests.test_adult_library_root" name="test_autosort_off_disables_override" time="0.002" /><testcase classname="tests.test_adult_library_root" name="test_adult_path_expands_user" time="0.002" /><testcase classname="tests.test_adult_library_root" name="test_index_remove_existing" time="0.002" /><testcase classname="tests.test_adult_library_root" name="test_index_remove_missing_returns_false" time="0.002" /><testcase classname="tests.test_ao3.TestURLParsing" name="test_parses_numeric_id" time="0.002" /><testcase classname="tests.test_ao3.TestURLParsing" name="test_parses_canonical_url" time="0.002" /><testcase classname="tests.test_ao3.TestURLParsing" name="test_parses_url_with_chapter_suffix" time="0.002" /><testcase classname="tests.test_ao3.TestURLParsing" name="test_accepts_ao3_org_mirror" time="0.002" /><testcase classname="tests.test_ao3.TestURLParsing" name="test_is_author_url_matches_users" time="0.002" /><testcase classname="tests.test_ao3.TestURLParsing" name="test_is_series_url_matches_series_numeric" time="0.002" /><testcase classname="tests.test_ao3.TestURLParsing" name="test_is_bookmarks_url_matches_users_bookmarks" time="0.002" /><testcase classname="tests.test_ao3.TestMetadataParsing" name="test_parses_work_metadata" time="0.065" /><testcase classname="tests.test_ao3.TestMetadataParsing" name="test_parses_chapters" time="0.087" /><testcase classname="tests.test_ao3.TestChapterCountProbe" name="test_bare_page_exposes_chapter_count" time="0.045" /><testcase classname="tests.test_ao3.TestChapterCountProbe" name="test_full_page_also_exposes_count" time="0.062" /><testcase classname="tests.test_ao3.TestSeriesParsing" name="test_series_extracts_name_and_work_links" time="0.041" /><testcase classname="tests.test_ao3.TestSeriesPagination" name="test_two_page_series_collects_all_works" time="0.011" /><testcase classname="tests.test_ao3.TestSeriesPagination" name="test_stops_when_no_next_link" time="0.004" /><testcase classname="tests.test_ao3.TestSeriesPagination" name="test_stops_when_page_adds_nothing_new" time="0.005" /><testcase classname="tests.test_ao3.TestAdultGate" name="test_gate_page_raises_ao3_locked" time="0.003" /><testcase classname="tests.test_ao3.TestAdultGate" name="test_login_required_page_raises_ao3_locked" time="0.002" /><testcase classname="tests.test_ao3.TestAdultGate" name="test_real_work_page_does_not_raise" time="0.002" /><testcase classname="tests.test_ao3.TestV2413RegressionFixes" name="test_summary_preserves_paragraph_separation" time="0.003" /><testcase classname="tests.test_ao3.TestV2413RegressionFixes" name="test_co_authors_joined" time="0.003" /><testcase classname="tests.test_ao3.TestV2413RegressionFixes" name="test_chapter_notes_preserved" time="0.004" /><testcase classname="tests.test_ao3.TestV2413RegressionFixes" name="test_scrape_series_works_accepts_ao3_org_mirror" time="0.002" /><testcase classname="tests.test_ao3.TestBrowserFetchFallback" name="test_uses_browser_on_challenge_when_cf_solve" time="0.002" /><testcase classname="tests.test_ao3.TestBrowserFetchFallback" name="test_reraises_challenge_without_cf_solve" time="0.002" /><testcase classname="tests.test_ao3.TestBrowserFetchFallback" name="test_passthrough_when_no_challenge" time="0.002" /><testcase classname="tests.test_ao3.TestBrowserFetchFallback" name="test_flag_disables_in_process_cookie_solver" time="0.002" /><testcase classname="tests.test_ao3_auth.TestCookieAuth" name="test_anonymous_has_no_auth" time="0.002" /><testcase classname="tests.test_ao3_auth.TestCookieAuth" name="test_cookie_seeds_session" time="0.002" /><testcase classname="tests.test_ao3_auth.TestCookieAuth" name="test_worker_session_reseeded" time="0.003" /><testcase classname="tests.test_ao3_auth.TestLockedErrorHint" name="test_anonymous_hint_points_at_cookie_flag" time="0.003" /><testcase classname="tests.test_ao3_auth.TestLockedErrorHint" name="test_authed_hint_says_cookie_may_be_stale" time="0.003" /><testcase classname="tests.test_ao3_auth.TestSearchDepth" name="test_warning_id_in_url" time="0.002" /><testcase classname="tests.test_ao3_auth.TestSearchDepth" name="test_warning_by_numeric_id" time="0.002" /><testcase classname="tests.test_ao3_auth.TestSearchDepth" name="test_title_and_creator" time="0.003" /><testcase classname="tests.test_ao3_auth.TestSearchDepth" name="test_unknown_warning_raises" time="0.003" /><testcase classname="tests.test_atomic.TestAtomicWriteText" name="test_writes_full_content" time="0.003" /><testcase classname="tests.test_atomic.TestAtomicWriteText" name="test_replaces_existing_file" time="0.003" /><testcase classname="tests.test_atomic.TestAtomicWriteText" name="test_creates_parent_directory" time="0.002" /><testcase classname="tests.test_atomic.TestAtomicWriteText" name="test_no_tmp_file_left_on_success" time="0.002" /><testcase classname="tests.test_atomic.TestAtomicWriteText" name="test_unicode_content" time="0.002" /><testcase classname="tests.test_atomic.TestAtomicWriteBytes" name="test_writes_full_bytes" time="0.002" /><testcase classname="tests.test_atomic.TestAtomicWriteBytes" name="test_empty_payload_is_allowed" time="0.002" /><testcase classname="tests.test_atomic.TestAtomicPathContext" name="test_swaps_in_on_success" time="0.002" /><testcase classname="tests.test_atomic.TestAtomicPathContext" name="test_no_target_written_on_exception" time="0.002" /><testcase classname="tests.test_atomic.TestAtomicPathContext" name="test_tmp_path_is_in_same_directory_as_target" time="0.004" /><testcase classname="tests.test_atomic.TestAtomicPathContext" name="test_tmp_file_is_removed_on_exit_even_after_manual_replace" time="0.003" /><testcase classname="tests.test_atomic.TestInterruptSimulation" name="test_original_file_preserved_on_writer_exception" time="0.003" /><testcase classname="tests.test_atomic.TestInterruptSimulation" name="test_no_tmp_left_behind_on_exception" time="0.002" /><testcase classname="tests.test_atomic.TestPermissionPreservation" name="test_atomic_write_text_keeps_target_mode" time="0.002" /><testcase classname="tests.test_atomic.TestPermissionPreservation" name="test_atomic_write_bytes_keeps_target_mode" time="0.003" /><testcase classname="tests.test_atomic.TestPermissionPreservation" name="test_atomic_path_keeps_target_mode" time="0.002" /><testcase classname="tests.test_atomic.TestPermissionPreservation" name="test_new_file_gets_secure_default" time="0.002" /><testcase classname="tests.test_atomic.TestAtomicPathReplaceFailure" name="test_tmp_cleaned_when_replace_fails" time="0.003" /><testcase classname="tests.test_audio" name="test_ramp_values_ends_exactly" time="0.002" /><testcase classname="tests.test_audio" name="test_event_bus_fanout_and_isolation" time="0.006" /><testcase classname="tests.test_audio" name="test_play_file_sets_channel_gain_and_plays" time="0.003" /><testcase classname="tests.test_audio" name="test_duck_immediate_lowers_channel_gain" time="0.002" /><testcase classname="tests.test_audio" name="test_live_tts_walks_all_chunks" time="0.005" /><testcase classname="tests.test_audio" name="test_pause_does_not_complete_the_chunk" time="0.414" /><testcase classname="tests.test_audio" name="test_finished_clip_releases_backend_source" time="0.106" /><testcase classname="tests.test_audio" name="test_channel_fade_preserves_per_sound_mix" time="0.003" /><testcase classname="tests.test_audio" name="test_set_gain_updates_restore_target" time="0.002" /><testcase classname="tests.test_audio" name="test_play_on_paused_channel_starts_paused" time="0.003" /><testcase classname="tests.test_audio" name="test_live_tts_stop_during_slow_synth_plays_nothing" time="0.904" /><testcase classname="tests.test_audio" name="test_live_tts_no_double_synth" time="0.160" /><testcase classname="tests.test_audio" name="test_live_tts_failed_chunk_retries_then_reports" time="0.009" /><testcase classname="tests.test_audio" name="test_pause_resume_inactive_controller_is_silent" time="0.002" /><testcase classname="tests.test_audio" name="test_to_edge_rate_normalization" time="0.003" /><testcase classname="tests.test_audiobookshelf.TestConfig" name="test_prefs_override_env" time="0.002" /><testcase classname="tests.test_audiobookshelf.TestConfig" name="test_env_fallback_and_url_normalized" time="0.002" /><testcase classname="tests.test_audiobookshelf.TestConfig" name="test_missing_keys_raise" time="0.002" /><testcase classname="tests.test_audiobookshelf.TestListLibraries" name="test_parses_libraries_and_folders" time="0.002" /><testcase classname="tests.test_audiobookshelf.TestUpload" name="test_upload_posts_multipart_fields" time="0.002" /><testcase classname="tests.test_audiobookshelf.TestUpload" name="test_upload_without_library_raises" time="0.002" /><testcase classname="tests.test_audiobookshelf.TestUpload" name="test_folder_id_included_when_set" time="0.002" /><testcase classname="tests.test_audiobookshelf.TestDownloadHook" name="test_hook_fires_only_for_m4b" time="0.002" /><testcase classname="tests.test_audit_fixes" name="test_build_scraper_refetch_all_disables_cache" time="0.003" /><testcase classname="tests.test_audit_fixes" name="test_scraper_survives_uncreatable_cache_dir" time="0.002" /><testcase classname="tests.test_audit_fixes" name="test_default_cache_dir_returns_none_on_mkdir_failure" time="0.003" /><testcase classname="tests.test_audit_fixes" name="test_cf_cookie_seed_fires_at_most_once" time="0.008" /><testcase classname="tests.test_audit_fixes" name="test_index_conflict_on_same_mtime_size_change" time="0.004" /><testcase classname="tests.test_audit_fixes" name="test_load_tolerates_libraries_as_list" time="0.004" /><testcase classname="tests.test_audit_fixes" name="test_scan_clear_existing_prunes_orphans" time="0.052" /><testcase classname="tests.test_audit_round11.TestChangelogSince" name="test_aggregates_newest_first_excludes_current_and_older" time="0.003" /><testcase classname="tests.test_audit_round11.TestChangelogSince" name="test_semver_order_not_lexical" time="0.002" /><testcase classname="tests.test_audit_round11.TestChangelogSince" name="test_skips_prereleases" time="0.002" /><testcase classname="tests.test_audit_round11.TestChangelogSince" name="test_nothing_newer_returns_empty" time="0.002" /><testcase classname="tests.test_audit_round11.TestChangelogSince" name="test_network_failure_returns_empty" time="0.002" /><testcase classname="tests.test_audit_round11.TestChangelogSince" name="test_truncates_and_notes_remainder" time="0.003" /><testcase classname="tests.test_audit_round11.TestFromPrefs" name="test_speech_rate_default_is_int" time="0.003" /><testcase classname="tests.test_audit_round11.TestFromPrefs" name="test_coerce_speech_rate[0-0]" time="0.003" /><testcase classname="tests.test_audit_round11.TestFromPrefs" name="test_coerce_speech_rate[-15--15]" time="0.003" /><testcase classname="tests.test_audit_round11.TestFromPrefs" name="test_coerce_speech_rate[-15%--15]" time="0.002" /><testcase classname="tests.test_audit_round11.TestFromPrefs" name="test_coerce_speech_rate[-0]" time="0.002" /><testcase classname="tests.test_audit_round11.TestFromPrefs" name="test_coerce_speech_rate[None-0]" time="0.002" /><testcase classname="tests.test_audit_round11.TestFromPrefs" name="test_coerce_speech_rate[junk-0]" time="0.002" /><testcase classname="tests.test_audit_round11.TestFromPrefs" name="test_coerce_speech_rate[10-10]" time="0.002" /><testcase classname="tests.test_audit_round11.TestFromPrefs" name="test_coerce_speech_rate[  20  -20]" time="0.002" /><testcase classname="tests.test_audit_round11.TestFromPrefs" name="test_seeds_cookies_and_int_rate" time="0.002" /><testcase classname="tests.test_audit_round11.TestFromPrefs" name="test_empty_cookie_pref_becomes_none" time="0.002" /><testcase classname="tests.test_audit_round11.TestHealSnapshotLifecycle" name="test_capture_snapshot_is_manifest_owned" time="0.003" /><testcase classname="tests.test_audit_round11.TestHealSnapshotLifecycle" name="test_capture_missing_source_returns_none" time="0.002" /><testcase classname="tests.test_audit_round11.TestHealSnapshotLifecycle" name="test_write_before_update_after_round_trip" time="0.003" /><testcase classname="tests.test_audit_round11.TestHealSnapshotLifecycle" name="test_pruning_manifest_unlinks_owned_snapshot" time="0.014" /><testcase classname="tests.test_audit_round11.TestNarratorFallback" name="test_signalless_accent_prefers_fallback_language" time="0.003" /><testcase classname="tests.test_audit_round11.TestNarratorFallback" name="test_no_matching_language_returns_fallback" time="0.002" /><testcase classname="tests.test_audit_round11.TestNarratorFallback" name="test_specific_accent_still_matches" time="0.002" /><testcase classname="tests.test_audit_round11.TestXhtmlSanitizeAmpersand" name="test_trailing_bare_ampersand_preserved[AT&amp;T-AT&amp;amp;T]" time="0.003" /><testcase classname="tests.test_audit_round11.TestXhtmlSanitizeAmpersand" name="test_trailing_bare_ampersand_preserved[Plain text ending in Q&amp;A-Q&amp;amp;A]" time="0.003" /><testcase classname="tests.test_audit_round11.TestXhtmlSanitizeAmpersand" name="test_trailing_bare_ampersand_preserved[&lt;p&gt;done&lt;/p&gt; R&amp;D-R&amp;amp;D]" time="0.003" /><testcase classname="tests.test_audit_round11.TestXhtmlSanitizeAmpersand" name="test_bug_case_no_longer_drops_text" time="0.003" /><testcase classname="tests.test_audit_round11.TestXhtmlSanitizeAmpersand" name="test_entities_preserved_and_idempotent" time="0.003" /><testcase classname="tests.test_audit_round11.TestStatsRobustness" name="test_non_str_timestamps_do_not_crash" time="0.003" /><testcase classname="tests.test_audit_round11.TestStatsRobustness" name="test_by_rating_rendered" time="0.002" /><testcase classname="tests.test_audit_round11.TestMisc" name="test_malformed_template_raises_valueerror" time="0.002" /><testcase classname="tests.test_audit_round11.TestMisc" name="test_resolve_name_empty_cast_entry_no_crash" time="0.002" /><testcase classname="tests.test_audit_round11.TestWatchlistStoreMerge" name="test_add_reloads_and_merges" time="0.004" /><testcase classname="tests.test_audit_round11.TestWatchlistStoreMerge" name="test_update_noops_when_removed_concurrently" time="0.004" /><testcase classname="tests.test_audit_round11.TestWatchDownloadQueueRouting" name="test_routes_through_download_queues" time="0.004" /><testcase classname="tests.test_base_scraper.TestProbeChapterCount" name="test_probe_paces_before_counting" time="0.003" /><testcase classname="tests.test_base_scraper.TestMaterialiseChapters" name="test_fetches_all_when_nothing_cached" time="0.008" /><testcase classname="tests.test_base_scraper.TestMaterialiseChapters" name="test_skip_chapters_drops_early_chapters" time="0.007" /><testcase classname="tests.test_base_scraper.TestMaterialiseChapters" name="test_chapter_spec_filters" time="0.009" /><testcase classname="tests.test_base_scraper.TestMaterialiseChapters" name="test_cached_chapters_bypass_fetch" time="0.007" /><testcase classname="tests.test_base_scraper.TestMaterialiseChapters" name="test_empty_plan_skips_fetch_call" time="0.003" /><testcase classname="tests.test_base_scraper.TestMaterialiseChapters" name="test_progress_callback_receives_cache_flag" time="0.006" /><testcase classname="tests.test_base_scraper.TestMaterialiseChapters" name="test_total_defaults_to_chapter_list_length" time="0.006" /><testcase classname="tests.test_base_scraper.TestMaterialiseChapters" name="test_explicit_total_overrides_default" time="0.006" /><testcase classname="tests.test_base_scraper.TestAbstractContract" name="test_default_is_author_url_is_false" time="0.002" /><testcase classname="tests.test_base_scraper.TestAbstractContract" name="test_default_is_series_url_is_false" time="0.002" /><testcase classname="tests.test_base_scraper.TestAbstractContract" name="test_default_is_bookmarks_url_is_false" time="0.002" /><testcase classname="tests.test_base_scraper.TestAbstractContract" name="test_scrape_series_works_raises_clear_message" time="0.003" /><testcase classname="tests.test_base_scraper.TestAbstractContract" name="test_scrape_bookmark_works_raises_clear_message" time="0.003" /><testcase classname="tests.test_base_scraper.TestAbstractContract" name="test_scrape_author_works_raises_clear_message" time="0.003" /><testcase classname="tests.test_base_scraper.TestAbstractContract" name="test_scrape_author_stories_raises_clear_message" time="0.002" /><testcase classname="tests.test_base_scraper.TestAbstractContract" name="test_download_and_parse_story_id_still_not_implemented" time="0.002" /><testcase classname="tests.test_base_scraper.TestConcreteScrapersImplementContract" name="test_ao3_declares_all_three" time="0.002" /><testcase classname="tests.test_base_scraper.TestConcreteScrapersImplementContract" name="test_wattpad_has_no_series_but_has_author" time="0.002" /><testcase classname="tests.test_base_scraper.TestV2414AIMDFixes" name="test_bump_delay_up_does_not_cascade_across_workers" time="0.002" /><testcase classname="tests.test_base_scraper.TestV2414AIMDFixes" name="test_bump_delay_up_without_snapshot_still_works" time="0.002" /><testcase classname="tests.test_base_scraper.TestV2414AIMDFixes" name="test_chunk_size_counts_urls_not_batches" time="0.002" /><testcase classname="tests.test_base_scraper.TestV2414AIMDFixes" name="test_rotate_browser_returns_new_session" time="0.003" /><testcase classname="tests.test_base_scraper.TestV2415CFCookieSeedingOn200" name="test_200_cf_branch_returns_after_successful_seed" time="0.003" /><testcase classname="tests.test_base_scraper.TestEnsureScheme" name="test_bare_host_gets_https" time="0.002" /><testcase classname="tests.test_base_scraper.TestEnsureScheme" name="test_existing_scheme_unchanged" time="0.002" /><testcase classname="tests.test_base_scraper.TestEnsureScheme" name="test_bare_numeric_id_unchanged" time="0.002" /><testcase classname="tests.test_base_scraper.TestEnsureScheme" name="test_empty_string_unchanged" time="0.002" /><testcase classname="tests.test_base_scraper.TestFetchExceptionHandling" name="test_timeout_is_retried" time="0.003" /><testcase classname="tests.test_base_scraper.TestFetchExceptionHandling" name="test_connection_error_is_retried" time="0.003" /><testcase classname="tests.test_base_scraper.TestFetchExceptionHandling" name="test_os_error_is_retried_on_a_fresh_session" time="0.004" /><testcase classname="tests.test_base_scraper.TestFetchExceptionHandling" name="test_cache_write_failure_does_not_raise" time="0.003" /><testcase classname="tests.test_base_scraper.TestFetchExceptionHandling" name="test_cache_dir_creation_failure_disables_cache" time="0.004" /><testcase classname="tests.test_base_scraper.TestFetchExceptionHandling" name="test_persistent_os_error_exhausts_to_ratelimit" time="0.004" /><testcase classname="tests.test_base_scraper.TestFetchExceptionHandling" name="test_scheme_less_url_is_normalised" time="0.003" /><testcase classname="tests.test_base_scraper.TestFFNApexRewrite" name="test_scheme_less_apex_input_fetches_www_https" time="0.003" /><testcase classname="tests.test_base_scraper.TestFFNApexRewrite" name="test_www_url_passes_through" time="0.004" /><testcase classname="tests.test_base_scraper.TestCloudflareInteractiveChallenge" name="test_challenge_raises_challenge_error" time="0.004" /><testcase classname="tests.test_base_scraper.TestCloudflareInteractiveChallenge" name="test_challenge_skips_slow_retry_rotation" time="0.005" /><testcase classname="tests.test_base_scraper.TestCloudflareInteractiveChallenge" name="test_plain_403_without_challenge_header_still_rate_limit_errors" time="0.009" /><testcase classname="tests.test_base_scraper.TestAO3UserAgentPinning" name="test_ua_pinned_on_session_and_hints_dropped" time="0.004" /><testcase classname="tests.test_base_scraper.TestAO3UserAgentPinning" name="test_new_worker_session_reapplies_ua" time="0.004" /><testcase classname="tests.test_base_scraper.TestAO3UserAgentPinning" name="test_rotation_suppressed_when_ua_pinned" time="0.004" /><testcase classname="tests.test_base_scraper.TestAO3UserAgentPinning" name="test_no_ua_still_rotates" time="0.004" /><testcase classname="tests.test_base_scraper.TestBrowserFetchFastFail" name="test_bails_on_first_challenge" time="0.004" /><testcase classname="tests.test_bugfix_sweep" name="test_llm_response_non_json_returns_empty" time="0.004" /><testcase classname="tests.test_bugfix_sweep" name="test_llm_response_array_returns_empty" time="0.003" /><testcase classname="tests.test_bugfix_sweep" name="test_llm_response_anthropic_wrong_content_type" time="0.003" /><testcase classname="tests.test_bugfix_sweep" name="test_llm_response_openai_choices_with_null_first" time="0.002" /><testcase classname="tests.test_bugfix_sweep" name="test_llm_response_ollama_happy_path" time="0.002" /><testcase classname="tests.test_bugfix_sweep" name="test_fetch_until_limit_breaks_on_repeated_page" time="0.003" /><testcase classname="tests.test_bugfix_sweep" name="test_fetch_until_limit_respects_max_pages" time="0.005" /><testcase classname="tests.test_bugfix_sweep" name="test_fetch_until_limit_walks_through_filtered_empty_pages" time="0.004" /><testcase classname="tests.test_bugfix_sweep" name="test_fetch_until_limit_legacy_empty_list_still_breaks" time="0.004" /><testcase classname="tests.test_bugfix_sweep" name="test_search_wattpad_filtered_empty_is_not_exhausted" time="0.005" /><testcase classname="tests.test_bugfix_sweep" name="test_fictionmania_unicode_query_filters_client_side" time="0.006" /><testcase classname="tests.test_bugfix_sweep" name="test_piper_archive_safety_passes_normal_members" time="0.005" /><testcase classname="tests.test_bugfix_sweep" name="test_piper_archive_safety_rejects_traversal" time="0.004" /><testcase classname="tests.test_bugfix_sweep" name="test_piper_archive_safety_rejects_absolute_path" time="0.003" /><testcase classname="tests.test_bugfix_sweep" name="test_piper_archive_safety_real_zip_path_traversal" time="0.003" /><testcase classname="tests.test_bugfix_sweep" name="test_untrackable_does_not_duplicate_on_rescan" time="0.003" /><testcase classname="tests.test_bugfix_sweep" name="test_reorganizer_skips_relpath_traversal" time="0.004" /><testcase classname="tests.test_bugfix_sweep" name="test_search_darkwanderer_unicode_query_filters_client_side" time="0.006" /><testcase classname="tests.test_bugfix_sweep" name="test_parse_an_response_treats_string_false_as_negative" time="0.003" /><testcase classname="tests.test_bugfix_sweep" name="test_parse_an_response_keeps_real_booleans_working" time="0.002" /><testcase classname="tests.test_bugfix_sweep" name="test_combine_rate_clamps_to_provider_safe_range" time="0.002" /><testcase classname="tests.test_bugfix_sweep" name="test_voice_mapper_pool_keyed_indices_avoid_collisions" time="0.002" /><testcase classname="tests.test_bugfix_sweep" name="test_check_ffmpeg_also_verifies_ffprobe" time="0.002" /><testcase classname="tests.test_bugfix_sweep" name="test_llm_strip_an_paragraphs_falls_back_when_llm_unavailable" time="0.003" /><testcase classname="tests.test_bugfix_sweep" name="test_download_queue_cancel_site_drops_pending" time="0.006" /><testcase classname="tests.test_bugfix_sweep" name="test_download_queue_snapshot_never_reports_false_idle" time="0.207" /><testcase classname="tests.test_bugfix_sweep" name="test_llm_quotes_batch_loops_within_window" time="0.006" /><testcase classname="tests.test_bugfix_sweep" name="test_llm_refine_wraps_passage_and_quotes_in_xml_tags" time="0.005" /><testcase classname="tests.test_bugfix_sweep" name="test_llm_refine_escapes_angle_brackets_in_user_content" time="0.004" /><testcase classname="tests.test_bugfix_sweep" name="test_escape_user_xml_helper_roundtrips_basics" time="0.003" /><testcase classname="tests.test_bugfix_sweep" name="test_an_classifier_wraps_paragraphs_in_tags" time="0.004" /><testcase classname="tests.test_bugfix_sweep" name="test_read_batch_file_strips_utf8_bom" time="0.004" /><testcase classname="tests.test_bulk_extractors" name="test_ao3_scrape_search_works_parses_blurbs" time="0.548" /><testcase classname="tests.test_bulk_extractors" name="test_ao3_scrape_tag_works_url_decodes_label" time="0.006" /><testcase classname="tests.test_bulk_extractors" name="test_ffn_scrape_search_works" time="0.152" /><testcase classname="tests.test_bulk_extractors" name="test_ffn_scrape_community_works_parses_z_list_rows" time="0.008" /><testcase classname="tests.test_bulk_extractors" name="test_rr_scrape_search_works_parses_fiction_list_items" time="0.009" /><testcase classname="tests.test_bulk_extractors" name="test_wattpad_scrape_reading_list_works" time="0.004" /><testcase classname="tests.test_bulk_extractors" name="test_wattpad_reading_list_short_url_form" time="0.003" /><testcase classname="tests.test_bulk_extractors" name="test_ffn_search_pagination_caps_at_max_pages" time="0.006" /><testcase classname="tests.test_cache_doctor.TestReportBasics" name="test_empty_cache_dir_reports_zero" time="0.003" /><testcase classname="tests.test_cache_doctor.TestReportBasics" name="test_missing_cache_dir_is_ok" time="0.003" /><testcase classname="tests.test_cache_doctor.TestReportBasics" name="test_counts_cache_entries_per_site" time="0.004" /><testcase classname="tests.test_cache_doctor.TestReportBasics" name="test_total_bytes_sums_recursively" time="0.003" /><testcase classname="tests.test_cache_doctor.TestReportBasics" name="test_largest_list_caps_at_10" time="0.007" /><testcase classname="tests.test_cache_doctor.TestReportBasics" name="test_ignores_non_site_directories" time="0.003" /><testcase classname="tests.test_cache_doctor.TestOrphanDetection" name="test_no_index_means_no_orphan_flagging" time="0.003" /><testcase classname="tests.test_cache_doctor.TestOrphanDetection" name="test_cache_entry_not_in_index_is_orphan" time="0.004" /><testcase classname="tests.test_cache_doctor.TestPrune" name="test_prune_removes_orphans" time="0.004" /><testcase classname="tests.test_cache_doctor.TestPrune" name="test_prune_with_empty_orphan_list_does_nothing" time="0.003" /><testcase classname="tests.test_cache_doctor.TestPrune" name="test_prune_counts_freed_bytes" time="0.006" /><testcase classname="tests.test_cache_doctor.TestPrune" name="test_empty_index_flags_no_orphans" time="0.005" /><testcase classname="tests.test_cache_doctor.TestSummary" name="test_summary_mentions_cache_root" time="0.003" /><testcase classname="tests.test_cache_doctor.TestSummary" name="test_summary_breaks_down_by_site_when_populated" time="0.003" /><testcase classname="tests.test_cache_doctor.TestSummary" name="test_summary_omits_largest_when_empty" time="0.003" /><testcase classname="tests.test_cache_doctor.TestSummary" name="test_summary_surfaces_orphan_count" time="0.004" /><testcase classname="tests.test_cache_doctor.TestNonIntegerCacheKeys" name="test_chyoa_cache_entry_indexed_is_not_orphan" time="0.004" /><testcase classname="tests.test_cache_doctor.TestNonIntegerCacheKeys" name="test_chyoa_node_entries_never_flagged_as_orphan" time="0.003" /><testcase classname="tests.test_cache_doctor.TestNonIntegerCacheKeys" name="test_literotica_cache_entry_indexed_is_not_orphan" time="0.003" /><testcase classname="tests.test_cache_doctor.TestNonIntegerCacheKeys" name="test_lushstories_cache_entry_indexed_is_not_orphan" time="0.004" /><testcase classname="tests.test_cache_doctor.TestNonIntegerCacheKeys" name="test_mcstories_cache_entry_indexed_is_not_orphan" time="0.004" /><testcase classname="tests.test_cache_doctor.TestNonIntegerCacheKeys" name="test_nifty_cache_entry_indexed_is_not_orphan" time="0.003" /><testcase classname="tests.test_cache_doctor.TestNonIntegerCacheKeys" name="test_default_cache_key_falls_through_to_parse_story_id" time="0.002" /><testcase classname="tests.test_cache_doctor.TestNonIntegerCacheKeys" name="test_non_story_top_level_dirs_are_skipped" time="0.003" /><testcase classname="tests.test_cf_solve" name="test_persist_then_load_roundtrips" time="0.003" /><testcase classname="tests.test_cf_solve" name="test_load_returns_none_when_missing" time="0.003" /><testcase classname="tests.test_cf_solve" name="test_load_respects_ttl" time="0.003" /><testcase classname="tests.test_cf_solve" name="test_load_honours_injected_now_for_deterministic_ttl_check" time="0.003" /><testcase classname="tests.test_cf_solve" name="test_load_rejects_non_numeric_fetched_at" time="0.003" /><testcase classname="tests.test_cf_solve" name="test_load_rejects_future_fetched_at" time="0.003" /><testcase classname="tests.test_cf_solve" name="test_persist_sanitises_hostname" time="0.003" /><testcase classname="tests.test_cf_solve" name="test_distinct_hosts_get_distinct_cache_files" time="0.003" /><testcase classname="tests.test_cf_solve" name="test_cache_filename_avoids_windows_reserved_names" time="0.003" /><testcase classname="tests.test_cf_solve" name="test_load_rejects_nan_fetched_at" time="0.004" /><testcase classname="tests.test_cf_solve" name="test_load_rejects_infinite_fetched_at" time="0.003" /><testcase classname="tests.test_cf_solve" name="test_load_rejects_non_mapping_cookie_entries" time="0.003" /><testcase classname="tests.test_cf_solve" name="test_inject_applies_clearance_cookie_that_carries_expiry" time="0.002" /><testcase classname="tests.test_cf_solve" name="test_inject_into_real_curl_cffi_session_lands_in_jar" time="0.003" /><testcase classname="tests.test_cf_solve" name="test_solve_invokes_launcher_and_returns_result" time="0.002" /><testcase classname="tests.test_cf_solve" name="test_solve_raises_unavailable_on_import_error" time="0.002" /><testcase classname="tests.test_cf_solve" name="test_solve_raises_on_empty_cookies" time="0.002" /><testcase classname="tests.test_cf_solve" name="test_inject_into_session_sets_cookies_and_ua" time="0.003" /><testcase classname="tests.test_cf_solve" name="test_inject_skips_malformed_cookies" time="0.003" /><testcase classname="tests.test_cf_solve" name="test_host_extraction_normalises_www" time="0.003" /><testcase classname="tests.test_cf_solve" name="test_maybe_seed_cf_cookies_applies_cache" time="0.005" /><testcase classname="tests.test_cf_solve" name="test_maybe_seed_skips_when_solver_disabled" time="0.006" /><testcase classname="tests.test_cf_solve" name="test_invoke_cf_solver_success_injects_and_persists" time="0.005" /><testcase classname="tests.test_cf_solve" name="test_invoke_cf_solver_deduplicates_per_host" time="0.004" /><testcase classname="tests.test_cf_solve" name="test_invoke_cf_solver_returns_false_when_disabled" time="0.003" /><testcase classname="tests.test_cf_solve" name="test_invoke_cf_solver_handles_unavailable" time="0.005" /><testcase classname="tests.test_cf_solve" name="test_invoke_cf_solver_handles_generic_failure" time="0.005" /><testcase classname="tests.test_cf_solve" name="test_seed_rechecks_cache_on_every_call_for_cross_thread_pickup" time="0.005" /><testcase classname="tests.test_cf_solve" name="test_persist_sets_restrictive_permissions" time="0.004" /><testcase classname="tests.test_cf_solve" name="test_fetch_403_then_solver_success_produces_body" time="0.006" /><testcase classname="tests.test_cf_solve.TestLaunchKwargs" name="test_visible_by_default" time="0.003" /><testcase classname="tests.test_cf_solve.TestLaunchKwargs" name="test_env_forces_headless" time="0.003" /><testcase classname="tests.test_cf_solve.TestLaunchKwargs" name="test_non_one_value_stays_visible" time="0.003" /><testcase classname="tests.test_cf_solve" name="test_fetch_spawns_worker_and_returns_html" time="0.075" /><testcase classname="tests.test_cf_solve" name="test_fetch_timeout_raises_runtimeerror" time="0.052" /><testcase classname="tests.test_cf_solve" name="test_fetch_missing_playwright_raises_unavailable" time="0.052" /><testcase classname="tests.test_cf_solve" name="test_fetch_missing_worker_script_raises_unavailable" time="0.004" /><testcase classname="tests.test_cf_solve" name="test_real_worker_script_ships_on_disk" time="0.003" /><testcase classname="tests.test_cf_solve" name="test_probe_clears_without_window" time="0.010" /><testcase classname="tests.test_cf_solve" name="test_probe_escalates_to_headed_window" time="0.065" /><testcase classname="tests.test_cf_solve" name="test_interactive_timeout_after_failed_probe" time="0.127" /><testcase classname="tests.test_cf_solve" name="test_forced_headless_skips_probe" time="0.004" /><testcase classname="tests.test_cf_solve" name="test_no_profile_goes_straight_to_headed" time="0.003" /><testcase classname="tests.test_chapter_numbering.TestChapterDisplayNumbers" name="test_leading_prologue_does_not_consume_a_slot" time="0.003" /><testcase classname="tests.test_chapter_numbering.TestChapterDisplayNumbers" name="test_mid_book_interlude_does_not_consume_a_slot" time="0.003" /><testcase classname="tests.test_chapter_numbering.TestChapterDisplayNumbers" name="test_no_structural_chapters_is_identity" time="0.003" /><testcase classname="tests.test_chapter_numbering.TestChapterDisplayNumbers" name="test_partial_range_keeps_stored_numbers" time="0.003" /><testcase classname="tests.test_chapter_numbering.TestChapterDisplayNumbers" name="test_structural_with_subtitle_is_skipped" time="0.003" /><testcase classname="tests.test_chapter_numbering.TestChapterDisplayNumbers" name="test_author_chapter_titled_entry_consumes_a_slot" time="0.003" /><testcase classname="tests.test_chapter_numbering.TestParseChapterHeading" name="test_strips_display_number_prefix" time="0.004" /><testcase classname="tests.test_chapter_numbering.TestParseChapterHeading" name="test_strips_stored_number_prefix_from_old_exports" time="0.004" /><testcase classname="tests.test_chapter_numbering.TestParseChapterHeading" name="test_foreign_chapter_prefix_kept_verbatim" time="0.004" /><testcase classname="tests.test_chapter_numbering.TestParseChapterHeading" name="test_no_display_n_behaves_positionally" time="0.003" /><testcase classname="tests.test_chapter_numbering.TestExportHeadings" name="test_html_export_labels_post_prologue_chapter_one" time="0.006" /><testcase classname="tests.test_chapter_numbering.TestExportHeadings" name="test_txt_export_labels_post_prologue_chapter_one" time="0.006" /><testcase classname="tests.test_chapter_numbering.TestExportHeadings" name="test_html_round_trip_recovers_raw_titles" time="0.007" /><testcase classname="tests.test_chapter_numbering.TestExportHeadings" name="test_old_export_heals_on_read" time="0.004" /><testcase classname="tests.test_chapter_numbering.TestReaderHeadings" name="test_reader_from_file_shows_display_number" time="0.009" /><testcase classname="tests.test_chapter_numbering.TestReaderHeadings" name="test_reader_from_cache_dir_shows_display_number" time="0.007" /><testcase classname="tests.test_chapter_spec.TestParseChapterSpec" name="test_none_and_empty_mean_all" time="0.004" /><testcase classname="tests.test_chapter_spec.TestParseChapterSpec" name="test_single_chapter" time="0.004" /><testcase classname="tests.test_chapter_spec.TestParseChapterSpec" name="test_closed_range" time="0.004" /><testcase classname="tests.test_chapter_spec.TestParseChapterSpec" name="test_left_open_range" time="0.004" /><testcase classname="tests.test_chapter_spec.TestParseChapterSpec" name="test_right_open_range" time="0.005" /><testcase classname="tests.test_chapter_spec.TestParseChapterSpec" name="test_multiple_tokens" time="0.005" /><testcase classname="tests.test_chapter_spec.TestParseChapterSpec" name="test_tolerates_whitespace" time="0.004" /><testcase classname="tests.test_chapter_spec.TestParseChapterSpec" name="test_rejects_zero_or_negative" time="0.004" /><testcase classname="tests.test_chapter_spec.TestParseChapterSpec" name="test_rejects_inverted_range" time="0.004" /><testcase classname="tests.test_chapter_spec.TestParseChapterSpec" name="test_rejects_garbage" time="0.004" /><testcase classname="tests.test_chapter_spec.TestParseChapterSpec" name="test_rejects_bare_dash" time="0.004" /><testcase classname="tests.test_chapter_spec.TestChapterInSpec" name="test_none_spec_matches_everything" time="0.003" /><testcase classname="tests.test_chapter_spec.TestChapterInSpec" name="test_single_chapter_match" time="0.003" /><testcase classname="tests.test_chapter_spec.TestChapterInSpec" name="test_closed_range_match" time="0.003" /><testcase classname="tests.test_chapter_spec.TestChapterInSpec" name="test_right_open_range_match" time="0.003" /><testcase classname="tests.test_chapter_spec.TestChapterInSpec" name="test_mixed_spec" time="0.003" /><testcase classname="tests.test_content_hash.TestNormalise" name="test_collapses_runs_of_whitespace" time="0.003" /><testcase classname="tests.test_content_hash.TestNormalise" name="test_trims_outer_whitespace" time="0.003" /><testcase classname="tests.test_content_hash.TestNormalise" name="test_newlines_treated_as_whitespace" time="0.003" /><testcase classname="tests.test_content_hash.TestNormalise" name="test_none_and_empty_treated_identically" time="0.003" /><testcase classname="tests.test_content_hash.TestHashChapter" name="test_same_input_same_hash" time="0.003" /><testcase classname="tests.test_content_hash.TestHashChapter" name="test_different_input_different_hash" time="0.003" /><testcase classname="tests.test_content_hash.TestHashChapter" name="test_whitespace_changes_do_not_shift_hash" time="0.003" /><testcase classname="tests.test_content_hash.TestHashChapter" name="test_real_content_edit_shifts_hash" time="0.003" /><testcase classname="tests.test_content_hash.TestHashChapter" name="test_hash_is_hex_digest" time="0.003" /><testcase classname="tests.test_content_hash.TestHashChapter" name="test_none_hash_equals_empty_hash" time="0.003" /><testcase classname="tests.test_content_hash.TestHashChapters" name="test_orders_by_chapter_number" time="0.003" /><testcase classname="tests.test_content_hash.TestHashChapters" name="test_empty_list_yields_empty_hashes" time="0.003" /><testcase classname="tests.test_content_hash.TestStoryChapterHashes" name="test_delegates_to_hash_chapters" time="0.003" /><testcase classname="tests.test_content_hash.TestDiffHashes" name="test_no_changes_empty_diff" time="0.003" /><testcase classname="tests.test_content_hash.TestDiffHashes" name="test_detects_single_change" time="0.003" /><testcase classname="tests.test_content_hash.TestDiffHashes" name="test_detects_multiple_changes" time="0.003" /><testcase classname="tests.test_content_hash.TestDiffHashes" name="test_length_mismatch_diffs_common_prefix" time="0.003" /><testcase classname="tests.test_content_hash.TestDiffHashes" name="test_shorter_fresh_diffs_common_prefix" time="0.003" /><testcase classname="tests.test_content_hash.TestDiffHashes" name="test_both_empty" time="0.003" /><testcase classname="tests.test_cover_cache.TestCacheHit" name="test_first_fetch_goes_to_network" time="0.005" /><testcase classname="tests.test_cover_cache.TestCacheHit" name="test_second_fetch_hits_cache" time="0.004" /><testcase classname="tests.test_cover_cache.TestCacheHit" name="test_cache_returns_correct_content_type" time="0.004" /><testcase classname="tests.test_cover_cache.TestCacheHit" name="test_cache_keys_are_url_distinct" time="0.005" /><testcase classname="tests.test_cover_cache.TestCacheHit" name="test_use_cache_false_skips_cache" time="0.004" /><testcase classname="tests.test_cover_cache.TestTTL" name="test_expired_entry_refetches" time="0.004" /><testcase classname="tests.test_cover_cache.TestFailureHandling" name="test_network_failure_returns_none" time="0.004" /><testcase classname="tests.test_cover_cache.TestFailureHandling" name="test_small_content_rejected" time="0.004" /><testcase classname="tests.test_cover_cache.TestFailureHandling" name="test_non_200_returns_none" time="0.004" /><testcase classname="tests.test_cover_cache.TestFailureHandling" name="test_corrupt_cache_entry_falls_through_to_network" time="0.004" /><testcase classname="tests.test_cover_cache.TestV2414CoverValidation" name="test_lying_content_type_is_rejected" time="0.004" /><testcase classname="tests.test_cover_cache.TestV2414CoverValidation" name="test_unknown_content_type_dropped" time="0.003" /><testcase classname="tests.test_cover_cache.TestV2414CoverValidation" name="test_content_type_with_charset_normalised" time="0.003" /><testcase classname="tests.test_cover_cache.TestV2414CoverValidation" name="test_old_poisoned_cache_entry_dropped_on_read" time="0.004" /><testcase classname="tests.test_cover_cache.TestV2415WebPMagic" name="test_webp_with_full_magic_accepted" time="0.004" /><testcase classname="tests.test_cover_cache.TestV2415WebPMagic" name="test_riff_wav_mislabelled_as_webp_rejected" time="0.004" /><testcase classname="tests.test_epub_xhtml_validity.TestSanitizeUnit" name="test_obsolete_tags_converted" time="0.004" /><testcase classname="tests.test_epub_xhtml_validity.TestSanitizeUnit" name="test_align_becomes_class" time="0.004" /><testcase classname="tests.test_epub_xhtml_validity.TestSanitizeUnit" name="test_remote_img_becomes_placeholder" time="0.004" /><testcase classname="tests.test_epub_xhtml_validity.TestSanitizeUnit" name="test_never_empties_nonempty" time="0.004" /><testcase classname="tests.test_epub_xhtml_validity.TestSanitizeUnit" name="test_empty_input_stays_empty" time="0.003" /><testcase classname="tests.test_epub_xhtml_validity.TestEpubXhtmlValidity" name="test_chapters_are_well_formed_and_clean" time="0.012" /><testcase classname="tests.test_epub_xhtml_validity.TestEpubXhtmlValidity" name="test_no_remote_images_in_package" time="0.012" /><testcase classname="tests.test_epub_xhtml_validity.TestEpubcheckGate" name="test_zero_errors_or_warnings" time="7.079" /><testcase classname="tests.test_erotica_author_pages.TestAFFAuthor" name="test_is_author_url" time="0.004" /><testcase classname="tests.test_erotica_author_pages.TestAFFAuthor" name="test_scrape_author_works" time="0.085" /><testcase classname="tests.test_erotica_author_pages.TestAFFAuthor" name="test_max_results_caps" time="0.068" /><testcase classname="tests.test_erotica_author_pages.TestAFFAuthor" name="test_cli_shape" time="0.078" /><testcase classname="tests.test_erotica_author_pages.TestAFFAuthor" name="test_sites_predicate_and_classifier" time="0.007" /><testcase classname="tests.test_erotica_author_pages.TestSOLAuthor" name="test_scrape_author_works" time="0.062" /><testcase classname="tests.test_erotica_author_pages.TestSOLAuthor" name="test_pagination_stops_on_no_new" time="0.054" /><testcase classname="tests.test_erotica_author_pages.TestSOLAuthor" name="test_classifier" time="0.004" /><testcase classname="tests.test_erotica_author_pages.TestSexStoriesAuthor" name="test_author_scraping_unsupported" time="0.003" /><testcase classname="tests.test_erotica_downloads.TestAFFDownload" name="test_multi_chapter_story" time="0.307" /><testcase classname="tests.test_erotica_downloads.TestSOLDownload" name="test_single_chapter_story_with_tags" time="0.038" /><testcase classname="tests.test_erotica_downloads.TestNiftyDownload" name="test_directory_with_plain_text_chapters" time="0.029" /><testcase classname="tests.test_erotica_downloads.TestSexStoriesDownload" name="test_single_page_story" time="0.039" /><testcase classname="tests.test_erotica_downloads.TestMCStoriesDownload" name="test_index_plus_chapter" time="0.042" /><testcase classname="tests.test_erotica_downloads.TestLushDownload" name="test_single_chapter_cuckold_story" time="0.042" /><testcase classname="tests.test_erotica_downloads.TestTGStorytimeDownload" name="test_multi_chapter_navigation" time="0.066" /><testcase classname="tests.test_erotica_downloads.TestChyoaDownload" name="test_tree_walk_default" time="0.049" /><testcase classname="tests.test_erotica_downloads.TestChyoaDownload" name="test_max_depth_zero_returns_only_entry" time="0.027" /><testcase classname="tests.test_erotica_downloads.TestDarkWandererDownload" name="test_forum_thread_extracts_starter_posts" time="0.068" /><testcase classname="tests.test_erotica_downloads.TestGreatFeetDownload" name="test_single_story_title_cleaned" time="0.026" /><testcase classname="tests.test_erotica_downloads.TestFictionmaniaDownload" name="test_webdna_empty_falls_back_to_text" time="0.011" /><testcase classname="tests.test_erotica_downloads" name="test_skip_chapters_past_end_returns_empty_chapters[LushStoriesScraper-fixture0-https://www.lushstories.com/stories/cuckold/a-modern-relationship]" time="0.036" /><testcase classname="tests.test_erotica_downloads" name="test_skip_chapters_past_end_returns_empty_chapters[SexStoriesScraper-fixture1-https://www.sexstories.com/story/114893/slug]" time="0.060" /><testcase classname="tests.test_erotica_downloads" name="test_skip_chapters_past_end_returns_empty_chapters[ChyoaScraper-fixture2-https://chyoa.com/chapter/Ooh-that-s-hot.17]" time="0.044" /><testcase classname="tests.test_erotica_downloads" name="test_skip_chapters_past_end_returns_empty_chapters[GreatFeetScraper-fixture3-https://www.greatfeet.com/stories/ts1735.htm]" time="0.015" /><testcase classname="tests.test_erotica_downloads" name="test_empty_page_never_returns_silently_empty_story[AFFScraper-https://hp.adult-fanfiction.org/story.php?no=600100488]" time="0.005" /><testcase classname="tests.test_erotica_downloads" name="test_empty_page_never_returns_silently_empty_story[StoriesOnlineScraper-https://storiesonline.net/s/40467/slug]" time="0.004" /><testcase classname="tests.test_erotica_downloads" name="test_empty_page_never_returns_silently_empty_story[NiftyScraper-https://www.nifty.org/nifty/gay/college/the-brotherhood/]" time="0.004" /><testcase classname="tests.test_erotica_downloads" name="test_empty_page_never_returns_silently_empty_story[SexStoriesScraper-https://www.sexstories.com/story/114893/slug]" time="0.004" /><testcase classname="tests.test_erotica_downloads" name="test_empty_page_never_returns_silently_empty_story[MCStoriesScraper-https://mcstories.com/AToZeb/]" time="0.005" /><testcase classname="tests.test_erotica_downloads" name="test_empty_page_never_returns_silently_empty_story[LushStoriesScraper-https://www.lushstories.com/stories/cuckold/a-modern-relationship]" time="0.005" /><testcase classname="tests.test_erotica_downloads" name="test_empty_page_never_returns_silently_empty_story[TGStorytimeScraper-https://www.tgstorytime.com/viewstory.php?sid=9219]" time="0.004" /><testcase classname="tests.test_erotica_downloads" name="test_empty_page_never_returns_silently_empty_story[ChyoaScraper-https://chyoa.com/chapter/Ooh-that-s-hot.17]" time="0.004" /><testcase classname="tests.test_erotica_downloads" name="test_empty_page_never_returns_silently_empty_story[DarkWandererScraper-https://darkwanderer.net/threads/young-black-breeding-bull-in-training.23490/]" time="0.004" /><testcase classname="tests.test_erotica_downloads" name="test_empty_page_never_returns_silently_empty_story[GreatFeetScraper-https://www.greatfeet.com/stories/ts1735.htm]" time="0.004" /><testcase classname="tests.test_erotica_downloads" name="test_empty_page_never_returns_silently_empty_story[FictionmaniaScraper-https://fictionmania.tv/stories/readhtmlstory.html?storyID=12345]" time="0.005" /><testcase classname="tests.test_erotica_scrapers" name="test_all_erotica_scrapers_registered" time="0.003" /><testcase classname="tests.test_erotica_scrapers" name="test_detect_scraper_routes_correctly[https://hp.adult-fanfiction.org/story.php?no=600100488-AFFScraper]" time="0.003" /><testcase classname="tests.test_erotica_scrapers" name="test_detect_scraper_routes_correctly[https://storiesonline.net/s/40467/slug-StoriesOnlineScraper]" time="0.004" /><testcase classname="tests.test_erotica_scrapers" name="test_detect_scraper_routes_correctly[https://www.nifty.org/nifty/gay/college/the-brotherhood/-NiftyScraper]" time="0.003" /><testcase classname="tests.test_erotica_scrapers" name="test_detect_scraper_routes_correctly[https://www.sexstories.com/story/114893/slug-SexStoriesScraper]" time="0.003" /><testcase classname="tests.test_erotica_scrapers" name="test_detect_scraper_routes_correctly[https://mcstories.com/AToZeb/-MCStoriesScraper]" time="0.003" /><testcase classname="tests.test_erotica_scrapers" name="test_detect_scraper_routes_correctly[https://www.lushstories.com/stories/cuckold/a-modern-relationship-LushStoriesScraper]" time="0.003" /><testcase classname="tests.test_erotica_scrapers" name="test_detect_scraper_routes_correctly[https://fictionmania.tv/stories/readhtmlstory.html?storyID=12345-FictionmaniaScraper]" time="0.003" /><testcase classname="tests.test_erotica_scrapers" name="test_detect_scraper_routes_correctly[https://www.literotica.com/s/my-story-LiteroticaScraper]" time="0.003" /><testcase classname="tests.test_erotica_scrapers" name="test_detect_scraper_routes_correctly[https://www.tgstorytime.com/viewstory.php?sid=9219-TGStorytimeScraper]" time="0.004" /><testcase classname="tests.test_erotica_scrapers" name="test_detect_scraper_routes_correctly[https://chyoa.com/story/Insurance-Salesman-s.14-ChyoaScraper]" time="0.003" /><testcase classname="tests.test_erotica_scrapers" name="test_detect_scraper_routes_correctly[https://chyoa.com/chapter/Ooh-that-s-hot.17-ChyoaScraper]" time="0.003" /><testcase classname="tests.test_erotica_scrapers" name="test_detect_scraper_routes_correctly[https://darkwanderer.net/threads/foo.12345/-DarkWandererScraper]" time="0.003" /><testcase classname="tests.test_erotica_scrapers" name="test_detect_scraper_routes_correctly[https://darkwanderer.net/threads/foo.12345/page-3-DarkWandererScraper]" time="0.003" /><testcase classname="tests.test_erotica_scrapers" name="test_detect_scraper_routes_correctly[https://www.greatfeet.com/stories/ts1735.htm-GreatFeetScraper]" time="0.003" /><testcase classname="tests.test_erotica_scrapers" name="test_detect_scraper_routes_correctly[https://www.tapatalk.com/groups/themousepad/viewtopic.php?t=197281-MousepadScraper]" time="0.003" /><testcase classname="tests.test_erotica_scrapers" name="test_detect_scraper_routes_correctly[https://www.tapatalk.com/groups/themousepad/something-about-her-t197281.html-MousepadScraper]" time="0.003" /><testcase classname="tests.test_erotica_scrapers" name="test_detect_scraper_routes_correctly[http://www.bdsmlibrary.com/stories/story.php?storyid=10994-BDSMLibraryScraper]" time="0.003" /><testcase classname="tests.test_erotica_scrapers" name="test_detect_scraper_routes_correctly[http://www.bdsmlibrary.com/stories/chapter.php?storyid=10994&amp;chapterid=31865-BDSMLibraryScraper]" time="0.003" /><testcase classname="tests.test_erotica_scrapers" name="test_detect_scraper_routes_correctly[https://readonlymind.com/@Krungu5/SmallPackageBigPrize/-ReadOnlyMindScraper]" time="0.003" /><testcase classname="tests.test_erotica_scrapers" name="test_detect_scraper_routes_correctly[https://giantessworld.net/viewstory.php?sid=11467-GiantessWorldScraper]" time="0.003" /><testcase classname="tests.test_erotica_scrapers" name="test_detect_scraper_routes_correctly[https://chastitymansion.com/forums/index.php?threads/some-story.63479/-ChastityMansionScraper]" time="0.003" /><testcase classname="tests.test_erotica_scrapers" name="test_detect_scraper_routes_correctly[https://www.ticklingforum.com/threads/some-story.42755/-TicklingForumScraper]" time="0.003" /><testcase classname="tests.test_erotica_scrapers" name="test_canonical_url[https://hp.adult-fanfiction.org/story.php?no=600100488&amp;chapter=2-https://hp.adult-fanfiction.org/story.php?no=600100488]" time="0.003" /><testcase classname="tests.test_erotica_scrapers" name="test_canonical_url[https://naruto.adult-fanfiction.org/story.php?no=600100488-https://naruto.adult-fanfiction.org/story.php?no=600100488]" time="0.003" /><testcase classname="tests.test_erotica_scrapers" name="test_canonical_url[https://storiesonline.net/s/40467/ouroboros-dorm-dipping-https://storiesonline.net/s/40467]" time="0.003" /><testcase classname="tests.test_erotica_scrapers" name="test_canonical_url[https://www.sexstories.com/story/114893/slug-https://www.sexstories.com/story/114893]" time="0.004" /><testcase classname="tests.test_erotica_scrapers" name="test_canonical_url[https://mcstories.com/AToZeb/index.html-https://mcstories.com/AToZeb/]" time="0.003" /><testcase classname="tests.test_erotica_scrapers" name="test_canonical_url[https://www.nifty.org/nifty/gay/college/the-brotherhood-https://www.nifty.org/nifty/gay/college/the-brotherhood/]" time="0.004" /><testcase classname="tests.test_erotica_scrapers" name="test_canonical_url[https://www.lushstories.com/stories/cuckold/a-modern-relationship-https://www.lushstories.com/stories/cuckold/a-modern-relationship]" time="0.004" /><testcase classname="tests.test_erotica_scrapers" name="test_canonical_url[https://fictionmania.tv/stories/readhtmlstory.html?storyID=74553&amp;junk=1-https://fictionmania.tv/stories/readhtmlstory.html?storyID=74553]" time="0.003" /><testcase classname="tests.test_erotica_scrapers" name="test_canonical_url[https://www.tgstorytime.com/viewstory.php?sid=9219&amp;chapter=2&amp;ageconsent=ok-https://www.tgstorytime.com/viewstory.php?sid=9219]" time="0.003" /><testcase classname="tests.test_erotica_scrapers" name="test_canonical_url[https://chyoa.com/story/Insurance-Salesman-s.14-https://chyoa.com/chapter/Insurance-Salesman-s.14]" time="0.003" /><testcase classname="tests.test_erotica_scrapers" name="test_canonical_url[https://darkwanderer.net/threads/foo.12345/page-5-https://darkwanderer.net/threads/foo.12345/]" time="0.003" /><testcase classname="tests.test_erotica_scrapers" name="test_canonical_url[https://www.greatfeet.com/stories/ts1735.htm-https://www.greatfeet.com/stories/ts1735.htm]" time="0.003" /><testcase classname="tests.test_erotica_scrapers" name="test_canonical_url[http://www.bdsmlibrary.com/stories/story.php?storyid=10994-http://www.bdsmlibrary.com/stories/story.php?storyid=10994]" time="0.003" /><testcase classname="tests.test_erotica_scrapers" name="test_canonical_url[http://www.bdsmlibrary.com/stories/chapter.php?storyid=10994&amp;chapterid=31865-http://www.bdsmlibrary.com/stories/story.php?storyid=10994]" time="0.003" /><testcase classname="tests.test_erotica_scrapers" name="test_canonical_url[https://readonlymind.com/@Krungu5/SmallPackageBigPrize/2/-https://readonlymind.com/@Krungu5/SmallPackageBigPrize/]" time="0.003" /><testcase classname="tests.test_erotica_scrapers" name="test_canonical_url[https://giantessworld.net/viewstory.php?sid=11467&amp;chapter=3-https://giantessworld.net/viewstory.php?sid=11467]" time="0.003" /><testcase classname="tests.test_erotica_scrapers" name="test_canonical_url[https://chastitymansion.com/forums/index.php?threads/a-b.63479/page-2-https://chastitymansion.com/forums/index.php?threads/a-b.63479/]" time="0.003" /><testcase classname="tests.test_erotica_scrapers" name="test_canonical_url[https://chastitymansion.com/forums/threads/a-b.63479/-https://chastitymansion.com/forums/index.php?threads/a-b.63479/]" time="0.003" /><testcase classname="tests.test_erotica_scrapers" name="test_canonical_url[https://www.ticklingforum.com/threads/a-tale.42755/page-9-https://www.ticklingforum.com/threads/a-tale.42755/]" time="0.003" /><testcase classname="tests.test_erotica_scrapers.TestAFFParsing" name="test_story_id" time="0.003" /><testcase classname="tests.test_erotica_scrapers.TestAFFParsing" name="test_bare_id" time="0.003" /><testcase classname="tests.test_erotica_scrapers.TestAFFParsing" name="test_subdomain_parsing" time="0.003" /><testcase classname="tests.test_erotica_scrapers.TestAFFParsing" name="test_rejects_bad_url" time="0.003" /><testcase classname="tests.test_erotica_scrapers.TestAFFAuthorLinkFallbacks" name="test_modern_profile_link" time="0.004" /><testcase classname="tests.test_erotica_scrapers.TestAFFAuthorLinkFallbacks" name="test_legacy_authorlinks_php" time="0.004" /><testcase classname="tests.test_erotica_scrapers.TestAFFAuthorLinkFallbacks" name="test_structural_fallback_via_story_header_author" time="0.004" /><testcase classname="tests.test_erotica_scrapers.TestAFFAuthorLinkFallbacks" name="test_structural_fallback_via_generic_author_class" time="0.004" /><testcase classname="tests.test_erotica_scrapers.TestAFFAuthorLinkFallbacks" name="test_returns_none_when_nothing_matches" time="0.004" /><testcase classname="tests.test_erotica_scrapers.TestAFFAuthorLinkFallbacks" name="test_modern_pattern_preferred_over_legacy" time="0.003" /><testcase classname="tests.test_erotica_scrapers.TestSOLParsing" name="test_story_id" time="0.003" /><testcase classname="tests.test_erotica_scrapers.TestSOLParsing" name="test_bare_id" time="0.002" /><testcase classname="tests.test_erotica_scrapers.TestSOLParsing" name="test_is_author_url" time="0.002" /><testcase classname="tests.test_erotica_scrapers.TestNiftyParsing" name="test_story_path" time="0.003" /><testcase classname="tests.test_erotica_scrapers.TestNiftyParsing" name="test_rejects_non_nifty" time="0.003" /><testcase classname="tests.test_erotica_scrapers.TestSexStoriesParsing" name="test_story_id" time="0.003" /><testcase classname="tests.test_erotica_scrapers.TestMCStoriesParsing" name="test_story_slug" time="0.003" /><testcase classname="tests.test_erotica_scrapers.TestMCStoriesParsing" name="test_chapter_url" time="0.003" /><testcase classname="tests.test_erotica_scrapers.TestMCStoriesParsing" name="test_bare_slug" time="0.003" /><testcase classname="tests.test_erotica_scrapers.TestLushStoriesParsing" name="test_story_tuple" time="0.003" /><testcase classname="tests.test_erotica_scrapers.TestFictionmaniaParsing" name="test_story_id" time="0.003" /><testcase classname="tests.test_erotica_scrapers.TestFictionmaniaParsing" name="test_text_url_also_works" time="0.003" /><testcase classname="tests.test_erotica_scrapers.TestFictionmaniaParsing" name="test_bare_id" time="0.003" /><testcase classname="tests.test_erotica_scrapers" name="test_normalise_sites_gui_single" time="0.004" /><testcase classname="tests.test_erotica_scrapers" name="test_normalise_sites_all_collapses_to_none" time="0.003" /><testcase classname="tests.test_erotica_scrapers" name="test_normalise_sites_list_pass_through" time="0.003" /><testcase classname="tests.test_erotica_scrapers" name="test_normalise_tags_string_and_list" time="0.003" /><testcase classname="tests.test_erotica_scrapers" name="test_parse_word_threshold" time="0.003" /><testcase classname="tests.test_erotica_scrapers" name="test_erotica_tag_vocabulary_includes_key_fetishes" time="0.003" /><testcase classname="tests.test_erotica_scrapers" name="test_erotica_site_slugs_have_labels" time="0.003" /><testcase classname="tests.test_erotica_scrapers" name="test_search_erotica_empty_sites_returns_empty" time="0.003" /><testcase classname="tests.test_erotica_scrapers" name="test_site_supports_all_tags_matches_coverage_table" time="0.003" /><testcase classname="tests.test_erotica_scrapers" name="test_search_erotica_tag_only_drops_tag_ignoring_sites" time="0.006" /><testcase classname="tests.test_erotica_scrapers" name="test_search_erotica_skips_filter_when_site_explicitly_picked" time="0.004" /><testcase classname="tests.test_erotica_scrapers" name="test_normalise_sites_extracts_slug_from_label" time="0.003" /><testcase classname="tests.test_erotica_scrapers" name="test_search_erotica_promotes_known_tag_query" time="0.007" /><testcase classname="tests.test_erotica_scrapers" name="test_search_erotica_promoted_query_survives_single_site_scope" time="0.004" /><testcase classname="tests.test_erotica_scrapers" name="test_search_erotica_does_not_promote_multiword_query" time="0.008" /><testcase classname="tests.test_erotica_scrapers" name="test_search_erotica_total_sites_captures_eligible_cohort" time="0.006" /><testcase classname="tests.test_erotica_scrapers" name="test_search_aff_returns_empty_when_no_fandom" time="0.003" /><testcase classname="tests.test_erotica_scrapers" name="test_search_nifty_returns_empty_for_unsupported_tag_only" time="0.003" /><testcase classname="tests.test_erotica_scrapers" name="test_search_mcstories_returns_empty_for_unmapped_tag_only" time="0.003" /><testcase classname="tests.test_erotica_scrapers" name="test_search_greatfeet_returns_empty_for_non_feet_tag_only" time="0.003" /><testcase classname="tests.test_erotica_scrapers" name="test_search_sol_accepts_both_permalink_shapes" time="0.004" /><testcase classname="tests.test_erotica_scrapers" name="test_adapters_return_natural_page_size" time="0.003" /><testcase classname="tests.test_erotica_scrapers" name="test_single_listing_adapters_window_by_page" time="0.002" /><testcase classname="tests.test_erotica_scrapers" name="test_search_erotica_exhausts_only_on_empty_page" time="0.004" /><testcase classname="tests.test_erotica_scrapers" name="test_search_bdsmlibrary_raises_on_form_bounce" time="0.003" /><testcase classname="tests.test_erotica_scrapers" name="test_fetch_erotica_until_limit_accumulates_across_pages" time="0.003" /><testcase classname="tests.test_erotica_scrapers" name="test_fetch_erotica_until_limit_stops_when_all_sites_exhausted" time="0.002" /><testcase classname="tests.test_erotica_scrapers" name="test_fetch_erotica_until_limit_forwards_exhausted_sites_as_skip" time="0.003" /><testcase classname="tests.test_erotica_scrapers.TestTGStorytimeParsing" name="test_story_id" time="0.002" /><testcase classname="tests.test_erotica_scrapers.TestTGStorytimeParsing" name="test_bare_id" time="0.002" /><testcase classname="tests.test_erotica_scrapers.TestTGStorytimeParsing" name="test_rejects_bad_url" time="0.002" /><testcase classname="tests.test_erotica_scrapers.TestChyoaParsing" name="test_story_url" time="0.002" /><testcase classname="tests.test_erotica_scrapers.TestChyoaParsing" name="test_chapter_url" time="0.002" /><testcase classname="tests.test_erotica_scrapers.TestDarkWandererParsing" name="test_thread_id" time="0.003" /><testcase classname="tests.test_erotica_scrapers.TestDarkWandererParsing" name="test_bare_id" time="0.003" /><testcase classname="tests.test_erotica_scrapers.TestGreatFeetParsing" name="test_story_id" time="0.003" /><testcase classname="tests.test_erotica_scrapers.TestGreatFeetParsing" name="test_bare_id" time="0.003" /><testcase classname="tests.test_erotica_scrapers.TestBDSMLibraryParsing" name="test_story_url" time="0.003" /><testcase classname="tests.test_erotica_scrapers.TestBDSMLibraryParsing" name="test_chapter_url" time="0.003" /><testcase classname="tests.test_erotica_scrapers.TestBDSMLibraryParsing" name="test_bare_id" time="0.003" /><testcase classname="tests.test_erotica_scrapers.TestBDSMLibraryParsing" name="test_rejects_bad_url" time="0.003" /><testcase classname="tests.test_erotica_scrapers.TestBDSMLibraryParsing" name="test_chapter_links_parsed_in_order" time="0.005" /><testcase classname="tests.test_erotica_scrapers" name="test_erotica_results_carries_stats" time="0.003" /><testcase classname="tests.test_erotica_scrapers" name="test_tag_site_count_femdom_well_covered" time="0.003" /><testcase classname="tests.test_erotica_scrapers" name="test_tag_site_count_feet_includes_greatfeet" time="0.003" /><testcase classname="tests.test_erotica_scrapers" name="test_tag_site_count_every_vocabulary_tag_has_coverage" time="0.003" /><testcase classname="tests.test_erotica_scrapers" name="test_normalise_tags_strips_coverage_annotation" time="0.003" /><testcase classname="tests.test_erotica_scrapers" name="test_tag_coverage_only_references_registered_sites" time="0.002" /><testcase classname="tests.test_erotica_scrapers" name="test_refining_tags_for_matts_interests_are_in_vocabulary" time="0.003" /><testcase classname="tests.test_erotica_scrapers" name="test_wattpad_in_erotica_fan_out" time="0.003" /><testcase classname="tests.test_erotica_scrapers" name="test_wattpad_adapter_parses_json_ld_listitems" time="0.005" /><testcase classname="tests.test_erotica_scrapers" name="test_translate_tag_resolves_matts_interests" time="0.004" /><testcase classname="tests.test_erotica_scrapers" name="test_translate_tag_returns_none_for_untranslatable" time="0.003" /><testcase classname="tests.test_erotica_scrapers" name="test_mcstories_tag_codes_no_longer_misroute" time="0.003" /><testcase classname="tests.test_erotica_scrapers.TestSiteDrift2026_07Fixes" name="test_fictionmania_parses_rss_listing" time="0.003" /><testcase classname="tests.test_erotica_scrapers.TestSiteDrift2026_07Fixes" name="test_chyoa_tag_maps_to_category_else_trending" time="0.005" /><testcase classname="tests.test_erotica_scrapers.TestSiteDrift2026_07Fixes" name="test_darkwanderer_walks_authors_den_and_skips_meta" time="0.006" /><testcase classname="tests.test_erotica_scrapers.TestSiteDrift2026_07Fixes" name="test_nifty_accepts_absolute_directory_hrefs" time="0.005" /><testcase classname="tests.test_erotica_scrapers.TestNewSites2026_07" name="test_rom_parse_story_id_forms" time="0.003" /><testcase classname="tests.test_erotica_scrapers.TestNewSites2026_07" name="test_gw_parse_story_id_forms" time="0.003" /><testcase classname="tests.test_erotica_scrapers.TestNewSites2026_07" name="test_xenforo_parse_story_id_forms" time="0.003" /><testcase classname="tests.test_erotica_scrapers.TestNewSites2026_07" name="test_xenforo_starter_posts_filter_and_quote_strip" time="0.005" /><testcase classname="tests.test_erotica_scrapers.TestNewSites2026_07" name="test_rom_search_card_parse" time="0.003" /><testcase classname="tests.test_erotica_scrapers.TestNewSites2026_07" name="test_gw_search_skips_chrome_links" time="0.005" /><testcase classname="tests.test_erotica_scrapers.TestNewSites2026_07" name="test_cm_and_tmf_walk_their_story_forums" time="0.007" /><testcase classname="tests.test_erotica_scrapers.TestNewSites2026_07" name="test_bare_browse_defaults" time="0.003" /><testcase classname="tests.test_erotica_scrapers.TestNewSites2026_07" name="test_ao3_bare_browse_proceeds" time="0.003" /><testcase classname="tests.test_erotica_scrapers" name="test_every_erotica_site_routes_to_the_adult_library_bucket" time="0.003" /><testcase classname="tests.test_erotica_search_listings" name="test_aff_rows_carry_summary_chapters_updated" time="0.269" /><testcase classname="tests.test_erotica_search_listings" name="test_sol_rows_carry_summary_and_exact_words" time="0.052" /><testcase classname="tests.test_erotica_search_listings" name="test_sol_bytag_strips_series_banners" time="0.037" /><testcase classname="tests.test_erotica_search_listings" name="test_lush_rows_use_article_cards" time="0.103" /><testcase classname="tests.test_erotica_search_listings" name="test_sexstories_browse_rows" time="0.415" /><testcase classname="tests.test_erotica_search_listings" name="test_sexstories_search_post_rows" time="0.256" /><testcase classname="tests.test_erotica_search_listings" name="test_tgstorytime_rows" time="0.206" /><testcase classname="tests.test_erotica_search_listings" name="test_chyoa_trending_rows" time="0.393" /><testcase classname="tests.test_erotica_search_listings" name="test_chyoa_search_rows_keep_server_hits" time="0.151" /><testcase classname="tests.test_erotica_search_listings" name="test_xenforo_rows_carry_real_titles_authors_dates[search_darkwanderer-dw_forum.html]" time="0.149" /><testcase classname="tests.test_erotica_search_listings" name="test_xenforo_rows_carry_real_titles_authors_dates[search_chastitymansion-cm_forum.html]" time="0.112" /><testcase classname="tests.test_erotica_search_listings" name="test_xenforo_rows_carry_real_titles_authors_dates[search_ticklingforum-tf_forum.html]" time="0.155" /><testcase classname="tests.test_erotica_search_listings" name="test_literotica_bare_browse_uses_card_parser" time="0.077" /><testcase classname="tests.test_erotica_search_listings" name="test_readonlymind_rows_survive_all_count_shapes" time="0.005" /><testcase classname="tests.test_erotica_search_listings" name="test_giantessworld_rows_full_metadata" time="0.106" /><testcase classname="tests.test_erotica_search_listings" name="test_mcstories_whatsnew_rows" time="0.097" /><testcase classname="tests.test_erotica_search_listings" name="test_mcstories_tag_rows_serve_from_title_index" time="0.218" /><testcase classname="tests.test_erotica_search_listings" name="test_mcstories_keyword_scans_title_index" time="0.287" /><testcase classname="tests.test_erotica_search_listings" name="test_bdsmlibrary_dead_listing_raises" time="0.009" /><testcase classname="tests.test_erotica_search_listings" name="test_greatfeet_rows_carry_update_date" time="0.197" /><testcase classname="tests.test_erotica_search_listings" name="test_min_words_filter_parses_k_format" time="0.004" /><testcase classname="tests.test_erotica_search_listings" name="test_aff_author_rows_carry_summary" time="0.100" /><testcase classname="tests.test_erotica_search_listings" name="test_sol_author_rows_carry_summary_and_words" time="0.033" /><testcase classname="tests.test_erotica_search_listings" name="test_literotica_author_rows_carry_summary" time="0.100" /><testcase classname="tests.test_erotica_search_listings" name="test_mediaminer_author_rows_carry_summary_and_words" time="0.066" /><testcase classname="tests.test_erotica_search_listings" name="test_ficwad_author_rows_carry_summary_and_words" time="0.016" /><testcase classname="tests.test_erotica_search_listings" name="test_royalroad_author_uses_fictions_tab" time="0.035" /><testcase classname="tests.test_erotica_search_listings" name="test_royalroad_fetch_captures_site_word_count" time="0.294" /><testcase classname="tests.test_erotica_search_listings" name="test_mcstories_fetch_sums_chapter_word_counts" time="0.010" /><testcase classname="tests.test_erotica_search_listings" name="test_fictionmania_details_page_parses" time="0.023" /><testcase classname="tests.test_erotica_search_listings" name="test_mcstories_index_reports_a_letter_it_could_not_fetch" time="0.243" /><testcase classname="tests.test_erotica_search_listings" name="test_mcstories_index_treats_a_zero_story_page_as_a_failure" time="0.222" /><testcase classname="tests.test_erotica_search_listings" name="test_mcstories_index_retries_only_the_failed_letter" time="0.240" /><testcase classname="tests.test_erotica_search_listings" name="test_mcstories_complete_index_is_not_refetched_within_its_ttl" time="0.230" /><testcase classname="tests.test_erotica_search_listings" name="test_mcstories_title_index_survives_a_restart" time="0.288" /><testcase classname="tests.test_erotica_search_listings" name="test_mcstories_title_cache_ignores_a_corrupt_file" time="0.286" /><testcase classname="tests.test_erotica_search_listings" name="test_mcstories_letter_retry_backs_off_while_it_keeps_failing" time="0.058" /><testcase classname="tests.test_erotica_search_listings" name="test_mcstories_letter_backoff_is_capped_and_reset_by_a_success" time="0.705" /><testcase classname="tests.test_erotica_search_listings" name="test_mcstories_partial_note_reaches_the_fan_out_site_stats" time="0.494" /><testcase classname="tests.test_exporter_output.TestTxtExportStructure" name="test_metadata_block_includes_title_author_and_summary" time="0.018" /><testcase classname="tests.test_exporter_output.TestTxtExportStructure" name="test_separator_between_metadata_and_chapters" time="0.018" /><testcase classname="tests.test_exporter_output.TestTxtExportStructure" name="test_each_chapter_rendered_with_marked_header" time="0.005" /><testcase classname="tests.test_exporter_output.TestTxtExportStructure" name="test_all_chapter_bodies_present" time="0.005" /><testcase classname="tests.test_exporter_output.TestTxtExportStructure" name="test_unicode_title_survives_round_trip" time="0.005" /><testcase classname="tests.test_exporter_output.TestTxtExportStructure" name="test_html_tags_stripped_from_chapter_body" time="0.005" /><testcase classname="tests.test_exporter_output.TestHtmlExportStructure" name="test_is_well_formed_html5" time="0.004" /><testcase classname="tests.test_exporter_output.TestHtmlExportStructure" name="test_has_title_tag_with_author_and_title" time="0.004" /><testcase classname="tests.test_exporter_output.TestHtmlExportStructure" name="test_meta_table_has_author_source_and_summary_rows" time="0.004" /><testcase classname="tests.test_exporter_output.TestHtmlExportStructure" name="test_author_cell_is_a_link" time="0.004" /><testcase classname="tests.test_exporter_output.TestHtmlExportStructure" name="test_toc_has_one_anchor_per_chapter" time="0.006" /><testcase classname="tests.test_exporter_output.TestHtmlExportStructure" name="test_chapter_body_is_preserved" time="0.004" /><testcase classname="tests.test_exporter_output.TestHtmlExportStructure" name="test_title_is_html_escaped" time="0.004" /><testcase classname="tests.test_exporter_output.TestHtmlExportStructure" name="test_unicode_title_kept_verbatim" time="0.004" /><testcase classname="tests.test_exporter_output.TestEpubStructure" name="test_file_created_and_non_empty" time="0.011" /><testcase classname="tests.test_exporter_output.TestEpubStructure" name="test_is_a_valid_zip" time="0.011" /><testcase classname="tests.test_exporter_output.TestEpubStructure" name="test_mimetype_is_first_entry_and_uncompressed" time="0.011" /><testcase classname="tests.test_exporter_output.TestEpubStructure" name="test_container_xml_points_at_an_opf" time="0.012" /><testcase classname="tests.test_exporter_output.TestEpubStructure" name="test_opf_declares_all_chapters_as_items" time="0.013" /><testcase classname="tests.test_exporter_output.TestEpubStructure" name="test_every_manifest_item_has_content_in_zip" time="0.012" /><testcase classname="tests.test_exporter_output.TestEpubStructure" name="test_nav_document_lists_each_chapter" time="0.011" /><testcase classname="tests.test_exporter_output.TestEpubAtomicWrite" name="test_no_tmp_residue_on_success" time="0.012" /><testcase classname="tests.test_exporter_output.TestEpubAtomicWrite" name="test_existing_file_preserved_if_writer_raises" time="0.007" /><testcase classname="tests.test_exporter_output" name="test_is_adult_story_classifies_by_url" time="0.003" /><testcase classname="tests.test_exporter_output" name="test_adult_lush_story_has_no_category_row_in_html_export" time="0.004" /><testcase classname="tests.test_exporter_output" name="test_non_adult_story_still_has_category_row" time="0.004" /><testcase classname="tests.test_exporter_output" name="test_adult_epub_export_has_no_category_in_title_page" time="0.009" /><testcase classname="tests.test_exporters.TestSiteInfo" name="test_ffn_url" time="0.003" /><testcase classname="tests.test_exporters.TestSiteInfo" name="test_ao3_url" time="0.003" /><testcase classname="tests.test_exporters.TestSiteInfo" name="test_ficwad_url" time="0.003" /><testcase classname="tests.test_exporters.TestSiteInfo" name="test_empty_url_falls_back_to_ffn" time="0.003" /><testcase classname="tests.test_exporters.TestStripNotes" name="test_strips_common_an_markers" time="0.006" /><testcase classname="tests.test_exporters.TestStripNotes" name="test_keeps_prose_that_looks_similar" time="0.005" /><testcase classname="tests.test_exporters.TestOrphanEdgeDividers" name="test_drops_leading_divider" time="0.004" /><testcase classname="tests.test_exporters.TestOrphanEdgeDividers" name="test_drops_trailing_divider" time="0.004" /><testcase classname="tests.test_exporters.TestOrphanEdgeDividers" name="test_drops_leading_text_divider" time="0.004" /><testcase classname="tests.test_exporters.TestOrphanEdgeDividers" name="test_skips_empty_paragraph_before_divider" time="0.004" /><testcase classname="tests.test_exporters.TestOrphanEdgeDividers" name="test_keeps_interior_divider" time="0.003" /><testcase classname="tests.test_exporters.TestOrphanEdgeDividers" name="test_leaves_plain_chapter_untouched" time="0.003" /><testcase classname="tests.test_exporters.TestStructuralNoteStripping" name="test_strips_top_block_when_all_bold_and_banner_present" time="0.005" /><testcase classname="tests.test_exporters.TestStructuralNoteStripping" name="test_strips_top_block_when_keyword_and_banner_present" time="0.004" /><testcase classname="tests.test_exporters.TestStructuralNoteStripping" name="test_does_not_strip_when_no_banner_after_divider" time="0.004" /><testcase classname="tests.test_exporters.TestStructuralNoteStripping" name="test_does_not_strip_when_banner_but_no_note_signal" time="0.004" /><testcase classname="tests.test_exporters.TestStructuralNoteStripping" name="test_strips_bottom_block_when_keyword_present" time="0.004" /><testcase classname="tests.test_exporters.TestStructuralNoteStripping" name="test_strips_bottom_block_including_end_banner" time="0.005" /><testcase classname="tests.test_exporters.TestStructuralNoteStripping" name="test_does_not_strip_bottom_without_keyword" time="0.004" /><testcase classname="tests.test_exporters.TestStructuralNoteStripping" name="test_chapter_with_no_divider_untouched_structurally" time="0.004" /><testcase classname="tests.test_exporters.TestChapterHeaderCutoff" name="test_strips_disclaimer_before_chapter_header" time="0.005" /><testcase classname="tests.test_exporters.TestChapterHeaderCutoff" name="test_strips_through_digit_chapter_banner" time="0.005" /><testcase classname="tests.test_exporters.TestChapterHeaderCutoff" name="test_strips_through_prologue_header" time="0.005" /><testcase classname="tests.test_exporters.TestChapterHeaderCutoff" name="test_does_not_strip_chapter_word_in_prose" time="0.005" /><testcase classname="tests.test_exporters.TestChapterHeaderCutoff" name="test_does_not_strip_prose_sentence_opening_with_chapter_word" time="0.005" /><testcase classname="tests.test_exporters.TestChapterHeaderCutoff" name="test_does_not_strip_prose_mentioning_chapter_mid_sentence" time="0.006" /><testcase classname="tests.test_exporters.TestChapterHeaderCutoff" name="test_still_strips_decorated_banner" time="0.005" /><testcase classname="tests.test_exporters.TestChapterHeaderCutoff" name="test_does_not_strip_when_banner_in_bottom_half" time="0.005" /><testcase classname="tests.test_exporters.TestEndMarkerCutoff" name="test_strips_outro_after_end_marker" time="0.005" /><testcase classname="tests.test_exporters.TestEndMarkerCutoff" name="test_strips_fin_marker" time="0.005" /><testcase classname="tests.test_exporters.TestEndMarkerCutoff" name="test_strips_tbc_marker" time="0.005" /><testcase classname="tests.test_exporters.TestEndMarkerCutoff" name="test_does_not_strip_end_marker_in_top_half" time="0.005" /><testcase classname="tests.test_exporters.TestEndMarkerCutoff" name="test_does_not_strip_end_word_in_prose" time="0.005" /><testcase classname="tests.test_exporters.TestEndMarkerCutoff" name="test_combined_chapter_header_and_end_marker" time="0.005" /><testcase classname="tests.test_exporters.TestNewLabelStripping" name="test_strips_disclaimer_label" time="0.004" /><testcase classname="tests.test_exporters.TestNewLabelStripping" name="test_strips_quick_note_label" time="0.005" /><testcase classname="tests.test_exporters.TestNewLabelStripping" name="test_strips_announcement_label" time="0.004" /><testcase classname="tests.test_exporters.TestNewLabelStripping" name="test_strips_beta_credit" time="0.004" /><testcase classname="tests.test_exporters.TestNewLabelStripping" name="test_keeps_word_disclaimer_in_prose" time="0.004" /><testcase classname="tests.test_exporters.TestNewLabelStripping" name="test_keeps_quick_note_in_prose" time="0.004" /><testcase classname="tests.test_exporters.TestNewLabelStripping" name="test_strips_chapter_note_labels" time="0.007" /><testcase c
[...]
ion.net/s/12345]" time="0.006" /><testcase classname="tests.test_url_canonicalization" name="test_canonical_url_collapses_known_variants[https://www.fanfiction.net/s/12345/1/Some-Title-Slug-https://www.fanfiction.net/s/12345]" time="0.007" /><testcase classname="tests.test_url_canonicalization" name="test_canonical_url_collapses_known_variants[http://archiveofourown.org/works/7-https://archiveofourown.org/works/7]" time="0.007" /><testcase classname="tests.test_url_canonicalization" name="test_canonical_url_collapses_known_variants[https://archiveofourown.org/works/7-https://archiveofourown.org/works/7]" time="0.006" /><testcase classname="tests.test_url_canonicalization" name="test_canonical_url_collapses_known_variants[https://ao3.org/works/7-https://archiveofourown.org/works/7]" time="0.007" /><testcase classname="tests.test_url_canonicalization" name="test_canonical_url_collapses_known_variants[https://royalroad.com/fiction/42-https://www.royalroad.com/fiction/42]" time="0.007" /><testcase classname="tests.test_url_canonicalization" name="test_canonical_url_collapses_known_variants[http://ficwad.com/story/100-https://ficwad.com/story/100]" time="0.006" /><testcase classname="tests.test_url_canonicalization" name="test_canonical_url_collapses_known_variants[https://www.literotica.com/s/my-fic-ch-02-https://www.literotica.com/s/my-fic-ch-02]" time="0.007" /><testcase classname="tests.test_url_canonicalization" name="test_canonical_url_collapses_known_variants[https://www.wattpad.com/story/42-https://www.wattpad.com/story/42]" time="0.006" /><testcase classname="tests.test_url_canonicalization" name="test_canonical_url_collapses_known_variants[https://www.wattpad.com/42-some-title-https://www.wattpad.com/story/42]" time="0.007" /><testcase classname="tests.test_url_canonicalization" name="test_canonical_url_collapses_known_variants[https://www.webnovel.com/book/release-that-witch_7931338406001705-https://www.webnovel.com/book/7931338406001705]" time="0.007" /><testcase classname="tests.test_url_canonicalization" name="test_canonical_url_collapses_known_variants[fanfiction.net/s/12345-https://www.fanfiction.net/s/12345]" time="0.007" /><testcase classname="tests.test_url_canonicalization" name="test_canonical_url_collapses_known_variants[www.royalroad.com/fiction/42-https://www.royalroad.com/fiction/42]" time="0.007" /><testcase classname="tests.test_url_canonicalization" name="test_canonical_url_collapses_known_variants[webnovel.com/book/7931338406001705-https://www.webnovel.com/book/7931338406001705]" time="0.006" /><testcase classname="tests.test_url_canonicalization" name="test_canonical_url_returns_empty_for_empty" time="0.006" /><testcase classname="tests.test_url_canonicalization" name="test_canonical_url_unknown_host_is_still_normalised" time="0.006" /><testcase classname="tests.test_url_canonicalization" name="test_same_story_different_url_shapes_is_detected_as_duplicate" time="0.008" /><testcase classname="tests.test_url_canonicalization" name="test_duplicate_relpaths_deduplicates_on_rescan" time="0.008" /><testcase classname="tests.test_url_canonicalization" name="test_load_migrates_non_canonical_keys" time="0.007" /><testcase classname="tests.test_url_classifier" name="test_classify_table[https://archiveofourown.org/users/someuser-AO3Scraper-author_works-scrape_author_works]" time="0.007" /><testcase classname="tests.test_url_classifier" name="test_classify_table[https://archiveofourown.org/users/someuser/works-AO3Scraper-author_works-scrape_author_works]" time="0.007" /><testcase classname="tests.test_url_classifier" name="test_classify_table[https://archiveofourown.org/users/someuser/bookmarks-AO3Scraper-author_bookmarks-scrape_bookmark_works]" time="0.007" /><testcase classname="tests.test_url_classifier" name="test_classify_table[https://archiveofourown.org/series/12345-AO3Scraper-series-scrape_series_works]" time="0.007" /><testcase classname="tests.test_url_classifier" name="test_classify_table[https://archiveofourown.org/tags/Harry%20Potter/works-AO3Scraper-tag-scrape_tag_works]" time="0.007" /><testcase classname="tests.test_url_classifier" name="test_classify_table[https://archiveofourown.org/works/search?work_search%5Bquery%5D=foo-AO3Scraper-search-scrape_search_works]" time="0.007" /><testcase classname="tests.test_url_classifier" name="test_classify_table[https://www.fanfiction.net/u/123456/Some-Author-FFNScraper-author_works-scrape_author_works]" time="0.007" /><testcase classname="tests.test_url_classifier" name="test_classify_table[https://www.fanfiction.net/~someauthor-FFNScraper-author_works-scrape_author_works]" time="0.007" /><testcase classname="tests.test_url_classifier" name="test_classify_table[https://www.fanfiction.net/search/?keywords=harry&amp;type=story-FFNScraper-search-scrape_search_works]" time="0.007" /><testcase classname="tests.test_url_classifier" name="test_classify_table[https://www.fanfiction.net/community/Best-Of/12345/-FFNScraper-community-scrape_community_works]" time="0.007" /><testcase classname="tests.test_url_classifier" name="test_classify_table[https://www.wattpad.com/user/someuser-WattpadScraper-author_works-scrape_author_works]" time="0.007" /><testcase classname="tests.test_url_classifier" name="test_classify_table[https://www.wattpad.com/user/someuser/lists/12345-WattpadScraper-reading_list-scrape_reading_list_works]" time="0.007" /><testcase classname="tests.test_url_classifier" name="test_classify_table[https://www.wattpad.com/list/12345-WattpadScraper-reading_list-scrape_reading_list_works]" time="0.007" /><testcase classname="tests.test_url_classifier" name="test_classify_table[https://www.royalroad.com/profile/12345-RoyalRoadScraper-author_works-scrape_author_works]" time="0.007" /><testcase classname="tests.test_url_classifier" name="test_classify_table[https://www.royalroad.com/fictions/search?title=arcane-RoyalRoadScraper-search-scrape_search_works]" time="0.007" /><testcase classname="tests.test_url_classifier" name="test_classify_empty_returns_none" time="0.006" /><testcase classname="tests.test_url_classifier" name="test_classify_single_story_returns_story_kind" time="0.007" /><testcase classname="tests.test_url_classifier" name="test_classify_unknown_falls_through_to_unknown" time="0.007" /><testcase classname="tests.test_url_classifier" name="test_bookmarks_takes_precedence_over_author" time="0.007" /><testcase classname="tests.test_url_classifier" name="test_extract_story_kind_returns_one_entry" time="0.007" /><testcase classname="tests.test_url_classifier" name="test_extract_unknown_raises" time="0.007" /><testcase classname="tests.test_version_consistency" name="test_init_version_matches_pyproject" time="0.008" /><testcase classname="tests.test_watch_downloader" name="test_story_in_library_updates_in_place" time="0.018" /><testcase classname="tests.test_watch_downloader" name="test_story_not_in_library_fresh_download" time="0.018" /><testcase classname="tests.test_watch_downloader" name="test_author_watch_downloads_each_new_item" time="0.022" /><testcase classname="tests.test_watchlist" name="test_store_roundtrip" time="0.008" /><testcase classname="tests.test_watchlist" name="test_store_atomic_write" time="0.007" /><testcase classname="tests.test_watchlist" name="test_store_recovers_from_corrupt_file" time="0.009" /><testcase classname="tests.test_watchlist" name="test_store_tolerates_unknown_fields" time="0.008" /><testcase classname="tests.test_watchlist" name="test_store_prefix_get" time="0.007" /><testcase classname="tests.test_watchlist" name="test_store_remove_returns_false_on_miss" time="0.006" /><testcase classname="tests.test_watchlist" name="test_classify_target_recognises_story_urls" time="0.007" /><testcase classname="tests.test_watchlist" name="test_classify_target_recognises_author_urls" time="0.006" /><testcase classname="tests.test_watchlist" name="test_classify_target_returns_none_for_unknown" time="0.006" /><testcase classname="tests.test_watchlist" name="test_site_key_for_url" time="0.006" /><testcase classname="tests.test_watchlist" name="test_story_watch_first_poll_sets_baseline_without_alerting" time="0.008" /><testcase classname="tests.test_watchlist" name="test_story_watch_detects_new_chapter_and_notifies" time="0.007" /><testcase classname="tests.test_watchlist" name="test_story_watch_no_change_does_not_notify" time="0.008" /><testcase classname="tests.test_watchlist" name="test_author_watch_first_poll_sets_baseline_without_alerting" time="0.008" /><testcase classname="tests.test_watchlist" name="test_author_watch_detects_new_work" time="0.008" /><testcase classname="tests.test_watchlist" name="test_search_watch_caps_tracked_urls" time="0.008" /><testcase classname="tests.test_watchlist" name="test_search_watch_rejects_unsupported_site" time="0.008" /><testcase classname="tests.test_watchlist" name="test_cooldown_suppresses_repeat_notification" time="0.010" /><testcase classname="tests.test_watchlist" name="test_disabled_watches_are_skipped" time="0.007" /><testcase classname="tests.test_watchlist" name="test_run_once_watch_ids_filter_polls_only_selected" time="0.008" /><testcase classname="tests.test_watchlist" name="test_scraper_exception_is_captured_not_raised" time="0.016" /><testcase classname="tests.test_watchlist" name="test_run_once_reloads_store_inside_lock" time="0.008" /><testcase classname="tests.test_watchlist" name="test_auto_download_fires_and_path_lands_in_message" time="0.008" /><testcase classname="tests.test_watchlist" name="test_auto_download_skipped_without_flag" time="0.009" /><testcase classname="tests.test_watchlist" name="test_auto_download_skipped_on_baseline_poll" time="0.008" /><testcase classname="tests.test_watchlist" name="test_auto_download_failure_isolated_and_surfaced" time="0.011" /><testcase classname="tests.test_watchlist" name="test_auto_download_field_roundtrips" time="0.007" /><testcase classname="tests.test_watchlist" name="test_make_watch_downloader_routes_library_and_fresh" time="0.015" /><testcase classname="tests.test_watchlist_doctor.TestInvalidType" name="test_detects_unknown_type" time="0.007" /><testcase classname="tests.test_watchlist_doctor.TestInvalidType" name="test_heal_drops_invalid_type" time="0.008" /><testcase classname="tests.test_watchlist_doctor.TestEmptyTarget" name="test_detects_empty_story_watch_target" time="0.007" /><testcase classname="tests.test_watchlist_doctor.TestEmptyTarget" name="test_detects_whitespace_only_target" time="0.007" /><testcase classname="tests.test_watchlist_doctor.TestEmptyTarget" name="test_heal_drops_empty_target" time="0.008" /><testcase classname="tests.test_watchlist_doctor.TestUnsupportedSite" name="test_search_watch_on_unsupported_site" time="0.007" /><testcase classname="tests.test_watchlist_doctor.TestUnsupportedSite" name="test_supported_search_watch_not_flagged" time="0.007" /><testcase classname="tests.test_watchlist_doctor.TestUnsupportedSite" name="test_resolvable_story_watch_not_dropped_on_legacy_site" time="0.007" /><testcase classname="tests.test_watchlist_doctor.TestUnsupportedSite" name="test_unresolvable_story_watch_with_bad_site_still_flagged" time="0.008" /><testcase classname="tests.test_watchlist_doctor.TestUnresolvableUrl" name="test_random_url_flagged" time="0.008" /><testcase classname="tests.test_watchlist_doctor.TestUnresolvableUrl" name="test_real_ffn_url_not_flagged" time="0.007" /><testcase classname="tests.test_watchlist_doctor.TestUnresolvableUrl" name="test_author_watch_with_real_url_ok" time="0.008" /><testcase classname="tests.test_watchlist_doctor.TestDuplicates" name="test_two_story_watches_same_url_are_duplicates" time="0.008" /><testcase classname="tests.test_watchlist_doctor.TestDuplicates" name="test_whitespace_trimmed_before_dedupe" time="0.008" /><testcase classname="tests.test_watchlist_doctor.TestDuplicates" name="test_author_and_story_same_url_not_duplicate" time="0.008" /><testcase classname="tests.test_watchlist_doctor.TestDuplicates" name="test_search_dedupe_keys_on_site_query_filters" time="0.008" /><testcase classname="tests.test_watchlist_doctor.TestDuplicates" name="test_search_with_different_filters_not_duplicate" time="0.008" /><testcase classname="tests.test_watchlist_doctor.TestDuplicates" name="test_heal_drops_duplicates_keeps_first" time="0.009" /><testcase classname="tests.test_watchlist_doctor.TestReportSummary" name="test_clean_watchlist_summary" time="0.008" /><testcase classname="tests.test_watchlist_doctor.TestReportSummary" name="test_dirty_summary_lists_categories" time="0.008" /><testcase classname="tests.test_watchlist_doctor.TestReportSummary" name="test_summary_singular_vs_plural" time="0.007" /><testcase classname="tests.test_watchlist_doctor.TestHealOptIn" name="test_no_flags_means_no_removal" time="0.008" /><testcase classname="tests.test_watchlist_doctor.TestHealOptIn" name="test_heal_summary_mentions_count" time="0.008" /><testcase classname="tests.test_watchlist_poller" name="test_interval_clamped_to_minimum" time="0.006" /><testcase classname="tests.test_watchlist_poller" name="test_interval_accepts_value_above_minimum" time="0.006" /><testcase classname="tests.test_watchlist_poller" name="test_interval_falls_back_to_default_on_garbage" time="0.006" /><testcase classname="tests.test_watchlist_poller" name="test_reconfigure_starts_thread_when_autopoll_enabled" time="0.006" /><testcase classname="tests.test_watchlist_poller" name="test_reconfigure_stops_thread_when_autopoll_disabled" time="0.006" /><testcase classname="tests.test_watchlist_poller" name="test_reconfigure_noop_when_already_in_target_state" time="0.007" /><testcase classname="tests.test_wattpad.TestURLParsing" name="test_bare_numeric_id" time="0.007" /><testcase classname="tests.test_wattpad.TestURLParsing" name="test_story_url_with_slug" time="0.006" /><testcase classname="tests.test_wattpad.TestURLParsing" name="test_story_url_without_slug" time="0.007" /><testcase classname="tests.test_wattpad.TestURLParsing" name="test_mobile_subdomain_rewritten" time="0.007" /><testcase classname="tests.test_wattpad.TestURLParsing" name="test_part_url_returns_part_id" time="0.007" /><testcase classname="tests.test_wattpad.TestURLParsing" name="test_looks_like_part_url" time="0.007" /><testcase classname="tests.test_wattpad.TestURLParsing" name="test_rejects_non_wattpad" time="0.008" /><testcase classname="tests.test_wattpad.TestURLParsing" name="test_is_author_url" time="0.007" /><testcase classname="tests.test_wattpad.TestURLParsing" name="test_is_series_url_always_false" time="0.007" /><testcase classname="tests.test_wattpad.TestURLParsing" name="test_normalise_url_strips_mobile" time="0.007" /><testcase classname="tests.test_wattpad.TestBracketMatching" name="test_wraps_innermost_object" time="0.007" /><testcase classname="tests.test_wattpad.TestBracketMatching" name="test_wraps_outer_when_hit_is_outside_inner" time="0.007" /><testcase classname="tests.test_wattpad.TestBracketMatching" name="test_returns_none_when_unbalanced" time="0.007" /><testcase classname="tests.test_wattpad.TestBracketMatching" name="test_ignores_braces_inside_strings" time="0.007" /><testcase classname="tests.test_wattpad.TestBracketMatching" name="test_ignores_escaped_quote_inside_string" time="0.007" /><testcase classname="tests.test_wattpad.TestBracketMatching" name="test_escaped_backslash_terminates_escape" time="0.007" /><testcase classname="tests.test_wattpad.TestBracketMatching" name="test_innermost_when_nested_deeply" time="0.006" /><testcase classname="tests.test_wattpad.TestBracketMatching" name="test_unbalanced_open_brace_returns_none" time="0.007" /><testcase classname="tests.test_wattpad.TestSSRStoryParsing" name="test_finds_primary_story_object" time="0.054" /><testcase classname="tests.test_wattpad.TestSSRStoryParsing" name="test_build_metadata" time="0.054" /><testcase classname="tests.test_wattpad.TestSSRStoryParsing" name="test_missing_object_raises" time="0.007" /><testcase classname="tests.test_wattpad.TestPaidMarker" name="test_paid_stub_detected" time="0.007" /><testcase classname="tests.test_wattpad.TestPaidMarker" name="test_paid_stub_body_ends_quickly" time="0.007" /><testcase classname="tests.test_wattpad.TestStorytextShape" name="test_public_part_has_paragraphs" time="0.007" /><testcase classname="tests.test_wattpad.TestPaidStoryErrorMessage" name="test_error_mentions_chapters" time="0.006" /><testcase classname="tests.test_wattpad.TestTruncationCap" name="test_truncation_flag_set_on_cap_hit" time="0.009" /><testcase classname="tests.test_wattpad.TestTruncationCap" name="test_truncated_notice_mentions_max_pages" time="0.009" /><testcase classname="tests.test_wattpad.TestTruncationCap" name="test_normal_chapter_not_marked_truncated" time="0.007" /><testcase classname="tests.test_wattpad.TestTruncationCap" name="test_truncated_chapter_not_cached" time="0.012" /><testcase classname="tests.test_wattpad.TestV2413RegressionFixes" name="test_walk_paginated_stories_follows_next_url" time="0.007" /><testcase classname="tests.test_wattpad.TestV2413RegressionFixes" name="test_walk_paginated_stories_stops_on_self_loop" time="0.007" /><testcase classname="tests.test_webnovel.TestURLParsing" name="test_bare_numeric_id" time="0.007" /><testcase classname="tests.test_webnovel.TestURLParsing" name="test_book_url_with_slug" time="0.006" /><testcase classname="tests.test_webnovel.TestURLParsing" name="test_book_url_without_slug" time="0.007" /><testcase classname="tests.test_webnovel.TestURLParsing" name="test_mobile_subdomain" time="0.007" /><testcase classname="tests.test_webnovel.TestURLParsing" name="test_scheme_optional" time="0.007" /><testcase classname="tests.test_webnovel.TestURLParsing" name="test_rejects_non_webnovel" time="0.007" /><testcase classname="tests.test_webnovel.TestMetadata" name="test_build_metadata" time="0.008" /><testcase classname="tests.test_webnovel.TestMetadata" name="test_author_falls_back_to_items" time="0.007" /><testcase classname="tests.test_webnovel.TestMetadata" name="test_unknown_action_status_is_in_progress_default" time="0.007" /><testcase classname="tests.test_webnovel.TestCatalogParsing" name="test_parses_all_chapters_in_order" time="0.012" /><testcase classname="tests.test_webnovel.TestCatalogParsing" name="test_chapter_ids_extracted" time="0.010" /><testcase classname="tests.test_webnovel.TestCatalogParsing" name="test_lock_flag_from_svg_icon" time="0.011" /><testcase classname="tests.test_webnovel.TestChapterFormatting" name="test_plain_text_wrapped_in_paragraph" time="0.007" /><testcase classname="tests.test_webnovel.TestChapterFormatting" name="test_angle_brackets_escaped" time="0.007" /><testcase classname="tests.test_webnovel.TestChapterFormatting" name="test_anti_piracy_line_stripped" time="0.006" /><testcase classname="tests.test_webnovel.TestChapterFormatting" name="test_chapter_html_joins_paragraphs" time="0.007" /><testcase classname="tests.test_webnovel.TestLockDetection" name="test_free_chapter_returns_real_html" time="0.007" /><testcase classname="tests.test_webnovel.TestLockDetection" name="test_locked_chapter_returns_stub" time="0.007" /><testcase classname="tests.test_webnovel.TestCookieSeeding" name="test_parse_cookie_header" time="0.007" /><testcase classname="tests.test_webnovel.TestCookieSeeding" name="test_no_cookie_means_no_auth" time="0.007" /><testcase classname="tests.test_webnovel.TestCookieSeeding" name="test_cookies_seeded_into_session" time="0.007" /><testcase classname="tests.test_webnovel.TestCookieSeeding" name="test_new_session_reseeds_cookies" time="0.007" /><testcase classname="tests.test_webnovel.TestDownloadOffline" name="test_logged_out_stubs_locked_without_api_call" time="1.705" /><testcase classname="tests.test_webnovel.TestDownloadOffline" name="test_authed_attempts_locked_chapter" time="2.256" /><testcase classname="tests.test_webnovel.TestDownloadOffline" name="test_all_locked_raises" time="0.076" /></testsuite></testsuites>